# Time series at grid cell: 251   1   1
VARIABLES = "Time (days)" , "Tracer             ", "
  5.00000E-03                1.51263795189648E-02
  1.00000E-02                7.78317147844042E-03
  1.50000E-02                5.82276745832956E-03
  2.00000E-02                4.86098329088931E-03
  2.50000E-02                4.26300480420816E-03
  2.72934E-02                4.03868073826203E-03
  2.81649E-02                3.95958001659641E-03
  2.86838E-02                3.91446434422642E-03
  2.93243E-02                3.86151964918171E-03
  3.06052E-02                3.76478627679727E-03
  3.18600E-02                3.67752833823165E-03
  3.43695E-02                3.52613180404700E-03
  3.62316E-02                3.42440138768086E-03
  3.79123E-02                3.33999658484170E-03
  4.04902E-02                3.22471303763055E-03
  4.30091E-02                3.12330884827058E-03
  4.70144E-02                2.98409550139090E-03
  5.03229E-02                2.88143694325432E-03
  5.33669E-02                2.79579358023085E-03
  5.74274E-02                2.69433034584669E-03
  6.20887E-02                2.59147337648442E-03
  6.70887E-02                2.49385997570456E-03
  7.20887E-02                2.40672757161638E-03
  7.70887E-02                2.32834786932921E-03
  8.20887E-02                2.25736274545521E-03
  8.70887E-02                2.19268919882817E-03
  9.20887E-02                2.13345218054207E-03
  9.70887E-02                2.07893629629016E-03
  1.02089E-01                2.02855045791440E-03
  1.07089E-01                1.98180159533619E-03
  1.12089E-01                1.93827482111506E-03
  1.17089E-01                1.89761826502785E-03
  1.22089E-01                1.85953133857364E-03
  1.27089E-01                1.82375555276381E-03
  1.32089E-01                1.79006726028881E-03
  1.37089E-01                1.75827186471034E-03
  1.42089E-01                1.72819915988807E-03
  1.47089E-01                1.69969954873057E-03
  1.52089E-01                1.67264095231202E-03
  1.57089E-01                1.64690626561466E-03
  1.62089E-01                1.62239124952276E-03
  1.67089E-01                1.59900277356892E-03
  1.72089E-01                1.57665734265444E-03
  1.77089E-01                1.55527985518451E-03
  1.82089E-01                1.53480255094723E-03
  1.87089E-01                1.51516411547302E-03
  1.92089E-01                1.49630891414874E-03
  1.97089E-01                1.47818633448317E-03
  2.02089E-01                1.46075021895951E-03
  2.07089E-01                1.44395837411598E-03
  2.12089E-01                1.42777214405501E-03
  2.17089E-01                1.41215603863666E-03
  2.22089E-01                1.39707740827124E-03
  2.27089E-01                1.38250615857249E-03
  2.32089E-01                1.36841449923140E-03
  2.37089E-01                1.35477672237027E-03
  2.42089E-01                1.34156900637787E-03
  2.47089E-01                1.32876924183883E-03
  2.52089E-01                1.31635687667869E-03
  2.57089E-01                1.30431277806999E-03
  2.62089E-01                1.29261910899908E-03
  2.67089E-01                1.28125921769093E-03
  2.72089E-01                1.27021753834011E-03
  2.77089E-01                1.25947950180792E-03
  2.82089E-01                1.24903145512550E-03
  2.87089E-01                1.23886058879582E-03
  2.92089E-01                1.22895487101765E-03
  2.97089E-01                1.21930298806668E-03
  3.02089E-01                1.20989429016453E-03
  3.07089E-01                1.20071874224892E-03
  3.12089E-01                1.19176687912956E-03
  3.17089E-01                1.18302976457557E-03
  3.22089E-01                1.17449895393390E-03
  3.27089E-01                1.16616645992433E-03
  3.32089E-01                1.15802472129714E-03
  3.37089E-01                1.15006657407477E-03
  3.42089E-01                1.14228522512949E-03
  3.47089E-01                1.13467422787634E-03
  3.52089E-01                1.12722745988411E-03
  3.57089E-01                1.11993910222823E-03
  3.62089E-01                1.11280362042762E-03
  3.67089E-01                1.10581574682402E-03
  3.72089E-01                1.09897046427663E-03
  3.77089E-01                1.09226299105756E-03
  3.82089E-01                1.08568876684514E-03
  3.87089E-01                1.07924343972195E-03
  3.92089E-01                1.07292285409359E-03
  3.97089E-01                1.06672303945211E-03
  4.02089E-01                1.06064019991530E-03
  4.07089E-01                1.05467070447926E-03
  4.12089E-01                1.04881107792748E-03
  4.17089E-01                1.04305799234494E-03
  4.22089E-01                1.03740825919013E-03
  4.27089E-01                1.03185882188224E-03
  4.32089E-01                1.02640674886436E-03
  4.37089E-01                1.02104922710706E-03
  4.42089E-01                1.01578355601968E-03
  4.47089E-01                1.01060714173943E-03
  4.52089E-01                1.00551749177094E-03
  4.57089E-01                1.00051220995109E-03
  4.62089E-01                9.95588991716120E-04
  4.67089E-01                9.90745619649753E-04
  4.72089E-01                9.85979959292853E-04
  4.77089E-01                9.81289955196657E-04
  4.82089E-01                9.76673627203054E-04
  4.87089E-01                9.72129066936575E-04
  4.92089E-01                9.67654434494078E-04
  4.97089E-01                9.63247955319051E-04
  5.02089E-01                9.58907917248497E-04
  5.07089E-01                9.54632667721280E-04
  5.12089E-01                9.50420611137571E-04
  5.17089E-01                9.46270206359848E-04
  5.22089E-01                9.42179964346565E-04
  5.27089E-01                9.38148445910245E-04
  5.32089E-01                9.34174259592339E-04
  5.37089E-01                9.30256059647750E-04
  5.42089E-01                9.26392544132375E-04
  5.47089E-01                9.22582453087497E-04
  5.52089E-01                9.18824566815337E-04
  5.57089E-01                9.15117704240323E-04
  5.62089E-01                9.11460721351164E-04
  5.67089E-01                9.07852509719020E-04
  5.72089E-01                9.04291995087423E-04
  5.77089E-01                9.00778136029899E-04
  5.82089E-01                8.97309922671441E-04
  5.87089E-01                8.93886375470330E-04
  5.92089E-01                8.90506544056920E-04
  5.97089E-01                8.87169506126300E-04
  6.02089E-01                8.83874366381874E-04
  6.07089E-01                8.80620255527140E-04
  6.12089E-01                8.77406329303083E-04
  6.17089E-01                8.74231767568757E-04
  6.22089E-01                8.71095773422800E-04
  6.27089E-01                8.67997572363718E-04
  6.32089E-01                8.64936411486970E-04
  6.37089E-01                8.61911558716939E-04
  6.42089E-01                8.58922302072002E-04
  6.47089E-01                8.55967948961071E-04
  6.52089E-01                8.53047825509963E-04
  6.57089E-01                8.50166154162287E-04
  6.62089E-01                8.47312445634785E-04
  6.67089E-01                8.44491053643451E-04
  6.72089E-01                8.41701372907471E-04
  6.77089E-01                8.38942813897124E-04
  6.82089E-01                8.36214802310775E-04
  6.87089E-01                8.33516778572896E-04
  6.92089E-01                8.30848197352177E-04
  6.97089E-01                8.28208527098769E-04
  7.02089E-01                8.25597249599769E-04
  7.07089E-01                8.23013859552088E-04
  7.12089E-01                8.20457864151937E-04
  7.17089E-01                8.17928782700139E-04
  7.22089E-01                8.15426146222577E-04
  7.27089E-01                8.12949497105071E-04
  7.32089E-01                8.10498388742065E-04
  7.37089E-01                8.08072385198505E-04
  7.42089E-01                8.05671060884308E-04
  7.47089E-01                8.03294000240897E-04
  7.52089E-01                8.00940797439262E-04
  7.57089E-01                7.98611056089054E-04
  7.62089E-01                7.96304388958240E-04
  7.67089E-01                7.94020417702866E-04
  7.72089E-01                7.91758772606493E-04
  7.77089E-01                7.89519092328933E-04
  7.82089E-01                7.87301023663835E-04
  7.87089E-01                7.85104221304818E-04
  7.92089E-01                7.82928347619759E-04
  7.97089E-01                7.80773072432913E-04
  8.02089E-01                7.78638072814541E-04
  8.07089E-01                7.76523032877755E-04
  8.12089E-01                7.74427643582274E-04
  8.17089E-01                7.72351602544827E-04
  8.22089E-01                7.70294613855928E-04
  8.27089E-01                7.68256387902777E-04
  8.32089E-01                7.66236641198051E-04
  8.37089E-01                7.64235096214344E-04
  8.42089E-01                7.62251481224050E-04
  8.47089E-01                7.60285530144464E-04
  8.52089E-01                7.58336982387913E-04
  8.57089E-01                7.56405582716721E-04
  8.62089E-01                7.54491081102828E-04
  8.67089E-01                7.52593232591877E-04
  8.72089E-01                7.50711797171615E-04
  8.77089E-01                7.48846539644444E-04
  8.82089E-01                7.46997229503955E-04
  8.87089E-01                7.45163640815327E-04
  8.92089E-01                7.43345552099412E-04
  8.97089E-01                7.41542746220404E-04
  9.02089E-01                7.39755010276949E-04
  9.07089E-01                7.37982135496569E-04
  9.12089E-01                7.36223917133286E-04
  9.17089E-01                7.34480154368334E-04
  9.22089E-01                7.32750650213843E-04
  9.27089E-01                7.31035211419395E-04
  9.32089E-01                7.29333648381357E-04
  9.37089E-01                7.27645775054879E-04
  9.42089E-01                7.25971408868476E-04
  9.47089E-01                7.24310370641102E-04
  9.52089E-01                7.22662484501639E-04
  9.57089E-01                7.21027577810694E-04
  9.62089E-01                7.19405481084662E-04
  9.67089E-01                7.17796027921936E-04
  9.72089E-01                7.16199054931235E-04
  9.77089E-01                7.14614401661955E-04
  9.82089E-01                7.13041910536457E-04
  9.87089E-01                7.11481426784289E-04
  9.92089E-01                7.09932798378204E-04
  9.97089E-01                7.08395875971972E-04
  1.00000E+00                7.07503830392716E-04
  1.00500E+00                7.05986238419488E-04
  1.01000E+00                7.04478888633086E-04
  1.01500E+00                7.02982730652108E-04
  1.02000E+00                7.01497626673221E-04
  1.02500E+00                7.00023441256738E-04
  1.03000E+00                6.98560041274756E-04
  1.03500E+00                6.97107295860672E-04
  1.04000E+00                6.95665076360036E-04
  1.04500E+00                6.94233256282712E-04
  1.05000E+00                6.92811711256292E-04
  1.05500E+00                6.91400318980728E-04
  1.06000E+00                6.89998959184151E-04
  1.06500E+00                6.88607513579832E-04
  1.07000E+00                6.87225865824259E-04
  1.07500E+00                6.85853901476278E-04
  1.08000E+00                6.84491507957299E-04
  1.08500E+00                6.83138574512498E-04
  1.09000E+00                6.81794992173009E-04
  1.09500E+00                6.80460653719070E-04
  1.10000E+00                6.79135453644092E-04
  1.10500E+00                6.77819288119628E-04
  1.11000E+00                6.76512054961207E-04
  1.11500E+00                6.75213653595030E-04
  1.12000E+00                6.73923985025464E-04
  1.12500E+00                6.72642951803360E-04
  1.13000E+00                6.71370457995118E-04
  1.13500E+00                6.70106409152531E-04
  1.14000E+00                6.68850712283338E-04
  1.14500E+00                6.67603275822499E-04
  1.15000E+00                6.66364009604156E-04
  1.15500E+00                6.65132824834267E-04
  1.16000E+00                6.63909634063886E-04
  1.16500E+00                6.62694351163082E-04
  1.17000E+00                6.61486891295470E-04
  1.17500E+00                6.60287170893341E-04
  1.18000E+00                6.59095107633374E-04
  1.18500E+00                6.57910620412919E-04
  1.19000E+00                6.56733629326816E-04
  1.19500E+00                6.55564055644768E-04
  1.20000E+00                6.54401821789220E-04
  1.20500E+00                6.53246851313756E-04
  1.21000E+00                6.52099068881976E-04
  1.21500E+00                6.50958400246864E-04
  1.22000E+00                6.49824772230621E-04
  1.22500E+00                6.48698112704948E-04
  1.23000E+00                6.47578350571771E-04
  1.23500E+00                6.46465415744409E-04
  1.24000E+00                6.45359239129142E-04
  1.24500E+00                6.44259752607204E-04
  1.25000E+00                6.43166889017165E-04
  1.25500E+00                6.42080582137705E-04
  1.26000E+00                6.41000766670759E-04
  1.26500E+00                6.39927378225041E-04
  1.27000E+00                6.38860353299911E-04
  1.27500E+00                6.37799629269607E-04
  1.28000E+00                6.36745144367803E-04
  1.28500E+00                6.35696837672514E-04
  1.29000E+00                6.34654649091301E-04
  1.29500E+00                6.33618519346823E-04
  1.30000E+00                6.32588389962662E-04
  1.30500E+00                6.31564203249476E-04
  1.31000E+00                6.30545902291426E-04
  1.31500E+00                6.29533430932893E-04
  1.32000E+00                6.28526733765477E-04
  1.32500E+00                6.27525756115262E-04
  1.33000E+00                6.26530444030344E-04
  1.33500E+00                6.25540744268624E-04
  1.34000E+00                6.24556604285842E-04
  1.34500E+00                6.23577972223866E-04
  1.35000E+00                6.22604796899219E-04
  1.35500E+00                6.21637027791830E-04
  1.36000E+00                6.20674615034029E-04
  1.36500E+00                6.19717509399751E-04
  1.37000E+00                6.18765662293961E-04
  1.37500E+00                6.17819025742299E-04
  1.38000E+00                6.16877552380924E-04
  1.38500E+00                6.15941195446555E-04
  1.39000E+00                6.15009908766731E-04
  1.39500E+00                6.14083646750236E-04
  1.40000E+00                6.13162364377734E-04
  1.40500E+00                6.12246017192580E-04
  1.41000E+00                6.11334561291808E-04
  1.41500E+00                6.10427953317301E-04
  1.42000E+00                6.09526150447129E-04
  1.42500E+00                6.08629110387056E-04
  1.43000E+00                6.07736791362205E-04
  1.43500E+00                6.06849152108899E-04
  1.44000E+00                6.05966151866636E-04
  1.44500E+00                6.05087750370239E-04
  1.45000E+00                6.04213907842141E-04
  1.45500E+00                6.03344584984820E-04
  1.46000E+00                6.02479742973379E-04
  1.46500E+00                6.01619343448267E-04
  1.47000E+00                6.00763348508131E-04
  1.47500E+00                5.99911720702806E-04
  1.48000E+00                5.99064423026435E-04
  1.48500E+00                5.98221418910717E-04
  1.49000E+00                5.97382672218279E-04
  1.49500E+00                5.96548147236172E-04
  1.50000E+00                5.95717808669482E-04
  1.50500E+00                5.94891621635067E-04
  1.51000E+00                5.94069551655398E-04
  1.51500E+00                5.93251564652524E-04
  1.52000E+00                5.92437626942133E-04
  1.52500E+00                5.91627705227732E-04
  1.53000E+00                5.90821766594924E-04
  1.53500E+00                5.90019778505794E-04
  1.54000E+00                5.89221708793393E-04
  1.54500E+00                5.88427525656317E-04
  1.55000E+00                5.87637197653393E-04
  1.55500E+00                5.86850693698439E-04
  1.56000E+00                5.86067983055148E-04
  1.56500E+00                5.85289035332028E-04
  1.57000E+00                5.84513820477456E-04
  1.57500E+00                5.83742308774807E-04
  1.58000E+00                5.82974470837670E-04
  1.58500E+00                5.82210277605151E-04
  1.59000E+00                5.81449700337251E-04
  1.59500E+00                5.80692710610331E-04
  1.60000E+00                5.79939280312648E-04
  1.60500E+00                5.79189381639975E-04
  1.61000E+00                5.78442987091291E-04
  1.61500E+00                5.77700069464545E-04
  1.62000E+00                5.76960601852499E-04
  1.62500E+00                5.76224557638626E-04
  1.63000E+00                5.75491910493100E-04
  1.63500E+00                5.74762634368828E-04
  1.64000E+00                5.74036703497573E-04
  1.64500E+00                5.73314092386124E-04
  1.65000E+00                5.72594775812541E-04
  1.65500E+00                5.71878728822458E-04
  1.66000E+00                5.71165926725445E-04
  1.66500E+00                5.70456345091435E-04
  1.67000E+00                5.69749959747213E-04
  1.67500E+00                5.69046746772951E-04
  1.68000E+00                5.68346682498811E-04
  1.68500E+00                5.67649743501599E-04
  1.69000E+00                5.66955906601479E-04
  1.69500E+00                5.66265148858726E-04
  1.70000E+00                5.65577447570553E-04
  1.70500E+00                5.64892780267970E-04
  1.71000E+00                5.64211124712705E-04
  1.71500E+00                5.63532458894171E-04
  1.72000E+00                5.62856761026483E-04
  1.72500E+00                5.62184009545520E-04
  1.73000E+00                5.61514183106036E-04
  1.73500E+00                5.60847260578817E-04
  1.74000E+00                5.60183221047882E-04
  1.74500E+00                5.59522043807732E-04
  1.75000E+00                5.58863708360633E-04
  1.75500E+00                5.58208194413955E-04
  1.76000E+00                5.57555481877541E-04
  1.76500E+00                5.56905550861125E-04
  1.77000E+00                5.56258381671785E-04
  1.77500E+00                5.55613954811439E-04
  1.78000E+00                5.54972250974375E-04
  1.78500E+00                5.54333251044833E-04
  1.79000E+00                5.53696936094599E-04
  1.79500E+00                5.53063287380665E-04
  1.80000E+00                5.52432286342904E-04
  1.80500E+00                5.51803914601787E-04
  1.81000E+00                5.51178153956141E-04
  1.81500E+00                5.50554986380927E-04
  1.82000E+00                5.49934394025069E-04
  1.82500E+00                5.49316359209299E-04
  1.83000E+00                5.48700864424048E-04
  1.83500E+00                5.48087892327363E-04
  1.84000E+00                5.47477425742851E-04
  1.84500E+00                5.46869447657666E-04
  1.85000E+00                5.46263941220508E-04
  1.85500E+00                5.45660889739670E-04
  1.86000E+00                5.45060276681104E-04
  1.86500E+00                5.44462085666519E-04
  1.87000E+00                5.43866300471499E-04
  1.87500E+00                5.43272905023664E-04
  1.88000E+00                5.42681883400845E-04
  1.88500E+00                5.42093219829293E-04
  1.89000E+00                5.41506898681906E-04
  1.89500E+00                5.40922904476491E-04
  1.90000E+00                5.40341221874051E-04
  1.90500E+00                5.39761835677082E-04
  1.91000E+00                5.39184730827919E-04
  1.91500E+00                5.38609892407085E-04
  1.92000E+00                5.38037305631672E-04
  1.92500E+00                5.37466955853747E-04
  1.93000E+00                5.36898828558774E-04
  1.93500E+00                5.36332909364068E-04
  1.94000E+00                5.35769184017267E-04
  1.94500E+00                5.35207638394815E-04
  1.95000E+00                5.34648258500488E-04
  1.95500E+00                5.34091030463920E-04
  1.96000E+00                5.33535940539163E-04
  1.96500E+00                5.32982975103264E-04
  1.97000E+00                5.32432120654855E-04
  1.97500E+00                5.31883363812775E-04
  1.98000E+00                5.31336691314702E-04
  1.98500E+00                5.30792090015804E-04
  1.99000E+00                5.30249546887417E-04
  1.99500E+00                5.29709049015732E-04
  2.00000E+00                5.29170583600504E-04
  2.00500E+00                5.28634137953777E-04
  2.01000E+00                5.28099699498636E-04
  2.01500E+00                5.27567255767958E-04
  2.02000E+00                5.27036794403198E-04
  2.02500E+00                5.26508303153178E-04
  2.03000E+00                5.25981769872902E-04
  2.03500E+00                5.25457182522382E-04
  2.04000E+00                5.24934529165483E-04
  2.04500E+00                5.24413797968778E-04
  2.05000E+00                5.23894977200424E-04
  2.05500E+00                5.23378055229057E-04
  2.06000E+00                5.22863020522686E-04
  2.06500E+00                5.22349861647616E-04
  2.07000E+00                5.21838567267386E-04
  2.07500E+00                5.21329126141711E-04
  2.08000E+00                5.20821527125442E-04
  2.08500E+00                5.20315759167547E-04
  2.09000E+00                5.19811811310095E-04
  2.09500E+00                5.19309672687260E-04
  2.10000E+00                5.18809332524334E-04
  2.10500E+00                5.18310780136759E-04
  2.11000E+00                5.17814004929163E-04
  2.11500E+00                5.17318996394417E-04
  2.12000E+00                5.16825744112694E-04
  2.12500E+00                5.16334237750557E-04
  2.13000E+00                5.15844467060041E-04
  2.13500E+00                5.15356421877752E-04
  2.14000E+00                5.14870092123991E-04
  2.14500E+00                5.14385467801865E-04
  2.15000E+00                5.13902538996433E-04
  2.15500E+00                5.13421295873845E-04
  2.16000E+00                5.12941728680507E-04
  2.16500E+00                5.12463827742240E-04
  2.17000E+00                5.11987583463468E-04
  2.17500E+00                5.11512986326398E-04
  2.18000E+00                5.11040026890231E-04
  2.18500E+00                5.10568695790358E-04
  2.19000E+00                5.10098983737590E-04
  2.19500E+00                5.09630881517382E-04
  2.20000E+00                5.09164379989073E-04
  2.20500E+00                5.08699470085138E-04
  2.21000E+00                5.08236142810437E-04
  2.21500E+00                5.07774389241491E-04
  2.22000E+00                5.07314200525756E-04
  2.22500E+00                5.06855567880902E-04
  2.23000E+00                5.06398482594114E-04
  2.23500E+00                5.05942936021393E-04
  2.24000E+00                5.05488919586864E-04
  2.24500E+00                5.05036424782099E-04
  2.25000E+00                5.04585443165445E-04
  2.25500E+00                5.04135966361357E-04
  2.26000E+00                5.03687986059742E-04
  2.26500E+00                5.03241494015319E-04
  2.27000E+00                5.02796482046967E-04
  2.27500E+00                5.02352942037103E-04
  2.28000E+00                5.01910865931053E-04
  2.28500E+00                5.01470245736432E-04
  2.29000E+00                5.01031073522544E-04
  2.29500E+00                5.00593341419766E-04
  2.30000E+00                5.00157041618965E-04
  2.30500E+00                4.99722166370904E-04
  2.31000E+00                4.99288707985660E-04
  2.31500E+00                4.98856658832055E-04
  2.32000E+00                4.98426011337083E-04
  2.32500E+00                4.97996757985354E-04
  2.33000E+00                4.97568891318535E-04
  2.33500E+00                4.97142403934808E-04
  2.34000E+00                4.96717288488324E-04
  2.34500E+00                4.96293537688673E-04
  2.35000E+00                4.95871144300350E-04
  2.35500E+00                4.95450101142238E-04
  2.36000E+00                4.95030401087089E-04
  2.36500E+00                4.94612037061012E-04
  2.37000E+00                4.94195002042973E-04
  2.37500E+00                4.93779289064295E-04
  2.38000E+00                4.93364891208162E-04
  2.38500E+00                4.92951801609135E-04
  2.39000E+00                4.92540013452673E-04
  2.39500E+00                4.92129519974650E-04
  2.40000E+00                4.91720314460891E-04
  2.40500E+00                4.91312390246702E-04
  2.41000E+00                4.90905740716415E-04
  2.41500E+00                4.90500359302928E-04
  2.42000E+00                4.90096239487261E-04
  2.42500E+00                4.89693374798108E-04
  2.43000E+00                4.89291758811396E-04
  2.43500E+00                4.88891385149857E-04
  2.44000E+00                4.88492247482591E-04
  2.44500E+00                4.88094339524647E-04
  2.45000E+00                4.87697655036600E-04
  2.45500E+00                4.87302187824134E-04
  2.46000E+00                4.86907931737637E-04
  2.46500E+00                4.86514880671789E-04
  2.47000E+00                4.86123028565167E-04
  2.47500E+00                4.85732369399839E-04
  2.48000E+00                4.85342897200978E-04
  2.48500E+00                4.84954606036470E-04
  2.49000E+00                4.84567490016534E-04
  2.49500E+00                4.84181543293337E-04
  2.50000E+00                4.83796760060622E-04
  2.50500E+00                4.83413134553334E-04
  2.51000E+00                4.83030661047252E-04
  2.51500E+00                4.82649333858628E-04
  2.52000E+00                4.82269147343824E-04
  2.52500E+00                4.81890095898963E-04
  2.53000E+00                4.81512173959563E-04
  2.53500E+00                4.81135376000205E-04
  2.54000E+00                4.80759696534178E-04
  2.54500E+00                4.80385130113143E-04
  2.55000E+00                4.80011671326793E-04
  2.55500E+00                4.79639314802522E-04
  2.56000E+00                4.79268055205095E-04
  2.56500E+00                4.78897887236318E-04
  2.57000E+00                4.78528805634719E-04
  2.57500E+00                4.78160805175228E-04
  2.58000E+00                4.77793880668859E-04
  2.58500E+00                4.77428026962398E-04
  2.59000E+00                4.77063238938094E-04
  2.59500E+00                4.76699511513352E-04
  2.60000E+00                4.76336839640432E-04
  2.60500E+00                4.75975218306148E-04
  2.61000E+00                4.75614642531567E-04
  2.61500E+00                4.75255107371721E-04
  2.62000E+00                4.74896607915318E-04
  2.62500E+00                4.74539139284446E-04
  2.63000E+00                4.74182696634296E-04
  2.63500E+00                4.73827275152878E-04
  2.64000E+00                4.73472870060742E-04
  2.64500E+00                4.73119476610700E-04
  2.65000E+00                4.72767090087558E-04
  2.65500E+00                4.72415705807842E-04
  2.66000E+00                4.72065319119532E-04
  2.66500E+00                4.71715925401794E-04
  2.67000E+00                4.71367520064725E-04
  2.67500E+00                4.71020098549087E-04
  2.68000E+00                4.70673656326052E-04
  2.68500E+00                4.70328188896949E-04
  2.69000E+00                4.69983691793014E-04
  2.69500E+00                4.69640160575137E-04
  2.70000E+00                4.69297590833618E-04
  2.70500E+00                4.68955978187920E-04
  2.71000E+00                4.68615318286435E-04
  2.71500E+00                4.68275606806234E-04
  2.72000E+00                4.67936839452840E-04
  2.72500E+00                4.67599011959988E-04
  2.73000E+00                4.67262120089392E-04
  2.73500E+00                4.66926159630522E-04
  2.74000E+00                4.66591126400368E-04
  2.74500E+00                4.66257016243222E-04
  2.75000E+00                4.65923825030450E-04
  2.75500E+00                4.65591548660273E-04
  2.76000E+00                4.65260183057548E-04
  2.76500E+00                4.64929724173554E-04
  2.77000E+00                4.64600167985772E-04
  2.77500E+00                4.64271510497680E-04
  2.78000E+00                4.63943747738535E-04
  2.78500E+00                4.63616875763169E-04
  2.79000E+00                4.63290890651785E-04
  2.79500E+00                4.62965788509751E-04
  2.80000E+00                4.62641565467393E-04
  2.80500E+00                4.62318217679803E-04
  2.81000E+00                4.61995741326634E-04
  2.81500E+00                4.61674132611907E-04
  2.82000E+00                4.61353387763817E-04
  2.82500E+00                4.61033503034537E-04
  2.83000E+00                4.60714474700031E-04
  2.83500E+00                4.60396299059864E-04
  2.84000E+00                4.60078972437011E-04
  2.84500E+00                4.59762491177678E-04
  2.85000E+00                4.59446851651114E-04
  2.85500E+00                4.59132050249431E-04
  2.86000E+00                4.58818083387422E-04
  2.86500E+00                4.58504947502385E-04
  2.87000E+00                4.58192639053943E-04
  2.87500E+00                4.57881154523872E-04
  2.88000E+00                4.57570490415928E-04
  2.88500E+00                4.57260643255671E-04
  2.89000E+00                4.56951609590297E-04
  2.89500E+00                4.56643385988472E-04
  2.90000E+00                4.56335969040161E-04
  2.90500E+00                4.56029355356464E-04
  2.91000E+00                4.55723541569451E-04
  2.91500E+00                4.55418524332003E-04
  2.92000E+00                4.55114300317647E-04
  2.92500E+00                4.54810866220399E-04
  2.93000E+00                4.54508218754604E-04
  2.93500E+00                4.54206354654780E-04
  2.94000E+00                4.53905270675466E-04
  2.94500E+00                4.53604963591064E-04
  2.95000E+00                4.53305430195689E-04
  2.95500E+00                4.53006667303016E-04
  2.96000E+00                4.52708671746135E-04
  2.96500E+00                4.52411440377398E-04
  2.97000E+00                4.52114970068274E-04
  2.97500E+00                4.51819257709205E-04
  2.98000E+00                4.51524300209458E-04
  2.98500E+00                4.51230094496988E-04
  2.99000E+00                4.50936637518290E-04
  2.99500E+00                4.50643926238264E-04
  3.00000E+00                4.50351957640072E-04
  3.00500E+00                4.50060728725003E-04
  3.01000E+00                4.49770236512335E-04
  3.01500E+00                4.49480478039202E-04
  3.02000E+00                4.49191450360453E-04
  3.02500E+00                4.48903150548529E-04
  3.03000E+00                4.48615575693326E-04
  3.03500E+00                4.48328722902060E-04
  3.04000E+00                4.48042589299149E-04
  3.04500E+00                4.47757172026072E-04
  3.05000E+00                4.47472468241251E-04
  3.05500E+00                4.47188475119924E-04
  3.06000E+00                4.46905189854012E-04
  3.06500E+00                4.46622609652008E-04
  3.07000E+00                4.46340731738843E-04
  3.07500E+00                4.46059553355770E-04
  3.08000E+00                4.45779071760241E-04
  3.08500E+00                4.45499284225793E-04
  3.09000E+00                4.45220188041922E-04
  3.09500E+00                4.44941780513968E-04
  3.10000E+00                4.44664058963002E-04
  3.10500E+00                4.44387020725705E-04
  3.11000E+00                4.44110663154261E-04
  3.11500E+00                4.43834983616234E-04
  3.12000E+00                4.43559979494465E-04
  3.12500E+00                4.43285648186952E-04
  3.13000E+00                4.43011987106749E-04
  3.13500E+00                4.42738993681847E-04
  3.14000E+00                4.42466665355070E-04
  3.14500E+00                4.42194999583969E-04
  3.15000E+00                4.41923993840710E-04
  3.15500E+00                4.41653645611974E-04
  3.16000E+00                4.41383952398846E-04
  3.16500E+00                4.41114911716718E-04
  3.17000E+00                4.40846521095179E-04
  3.17500E+00                4.40578778077917E-04
  3.18000E+00                4.40311680222615E-04
  3.18500E+00                4.40045225100852E-04
  3.19000E+00                4.39779410298004E-04
  3.19500E+00                4.39514233413142E-04
  3.20000E+00                4.39249692058937E-04
  3.20500E+00                4.38985783861562E-04
  3.21000E+00                4.38722506460595E-04
  3.21500E+00                4.38459857508922E-04
  3.22000E+00                4.38197834672645E-04
  3.22500E+00                4.37936435630988E-04
  3.23000E+00                4.37675658076200E-04
  3.23500E+00                4.37415499713467E-04
  3.24000E+00                4.37155958260818E-04
  3.24500E+00                4.36897031449032E-04
  3.25000E+00                4.36638717021554E-04
  3.25500E+00                4.36381012734399E-04
  3.26000E+00                4.36123916356067E-04
  3.26500E+00                4.35867425667455E-04
  3.27000E+00                4.35611538461768E-04
  3.27500E+00                4.35356252544431E-04
  3.28000E+00                4.35101565733011E-04
  3.28500E+00                4.34847475857122E-04
  3.29000E+00                4.34593980758346E-04
  3.29500E+00                4.34341078290148E-04
  3.30000E+00                4.34088766317797E-04
  3.30500E+00                4.33837042718274E-04
  3.31000E+00                4.33585905380201E-04
  3.31500E+00                4.33335352203751E-04
  3.32000E+00                4.33085381100575E-04
  3.32500E+00                4.32835989993720E-04
  3.33000E+00                4.32587176817546E-04
  3.33500E+00                4.32338939517651E-04
  3.34000E+00                4.32091276050796E-04
  3.34500E+00                4.31844184384822E-04
  3.35000E+00                4.31597662498575E-04
  3.35500E+00                4.31351708381835E-04
  3.36000E+00                4.31106320035233E-04
  3.36500E+00                4.30861495470185E-04
  3.37000E+00                4.30617232708806E-04
  3.37500E+00                4.30373529783851E-04
  3.38000E+00                4.30130384738630E-04
  3.38500E+00                4.29887795626942E-04
  3.39000E+00                4.29645760513001E-04
  3.39500E+00                4.29404277471364E-04
  3.40000E+00                4.29163344586864E-04
  3.40500E+00                4.28922959954536E-04
  3.41000E+00                4.28683121679550E-04
  3.41500E+00                4.28443827877140E-04
  3.42000E+00                4.28205076672537E-04
  3.42500E+00                4.27966866200903E-04
  3.43000E+00                4.27729194607258E-04
  3.43500E+00                4.27492060046417E-04
  3.44000E+00                4.27255460682925E-04
  3.44500E+00                4.27019394690989E-04
  3.45000E+00                4.26783860254412E-04
  3.45500E+00                4.26548855566533E-04
  3.46000E+00                4.26314378830154E-04
  3.46500E+00                4.26080428257485E-04
  3.47000E+00                4.25847002070078E-04
  3.47500E+00                4.25614098498761E-04
  3.48000E+00                4.25381715783578E-04
  3.48500E+00                4.25149852173730E-04
  3.49000E+00                4.24918505927511E-04
  3.49500E+00                4.24687675312244E-04
  3.50000E+00                4.24457358604230E-04
  3.50500E+00                4.24227554088675E-04
  3.51000E+00                4.23998260059643E-04
  3.51500E+00                4.23769474819989E-04
  3.52000E+00                4.23541196681305E-04
  3.52500E+00                4.23313423963860E-04
  3.53000E+00                4.23086154996541E-04
  3.53500E+00                4.22859388116799E-04
  3.54000E+00                4.22633121670590E-04
  3.54500E+00                4.22407354012320E-04
  3.55000E+00                4.22182083504787E-04
  3.55500E+00                4.21957308519128E-04
  3.56000E+00                4.21733027434765E-04
  3.56500E+00                4.21509238639345E-04
  3.57000E+00                4.21285940528692E-04
  3.57500E+00                4.21063131506748E-04
  3.58000E+00                4.20840809985526E-04
  3.58500E+00                4.20618974385049E-04
  3.59000E+00                4.20397623133306E-04
  3.59500E+00                4.20176754666190E-04
  3.60000E+00                4.19956367427457E-04
  3.60500E+00                4.19736459868667E-04
  3.61000E+00                4.19517030449136E-04
  3.61500E+00                4.19298077635886E-04
  3.62000E+00                4.19079599903589E-04
  3.62500E+00                4.18861595734527E-04
  3.63000E+00                4.18644063618536E-04
  3.63500E+00                4.18427002052958E-04
  3.64000E+00                4.18210409542590E-04
  3.64500E+00                4.17994284599642E-04
  3.65000E+00                4.17778625743682E-04
  3.65500E+00                4.17563431501595E-04
  3.66000E+00                4.17348700407531E-04
  3.66500E+00                4.17134431002856E-04
  3.67000E+00                4.16920621836114E-04
  3.67500E+00                4.16707271462972E-04
  3.68000E+00                4.16494378446178E-04
  3.68500E+00                4.16281941355517E-04
  3.69000E+00                4.16069958767762E-04
  3.69500E+00                4.15858429266632E-04
  3.70000E+00                4.15647351442746E-04
  3.70500E+00                4.15436723893580E-04
  3.71000E+00                4.15226545223421E-04
  3.71500E+00                4.15016814043327E-04
  3.72000E+00                4.14807528971081E-04
  3.72500E+00                4.14598688631146E-04
  3.73000E+00                4.14390291654628E-04
  3.73500E+00                4.14182336679231E-04
  3.74000E+00                4.13974822349212E-04
  3.74500E+00                4.13767747315346E-04
  3.75000E+00                4.13561110234877E-04
  3.75500E+00                4.13354909771484E-04
  3.76000E+00                4.13149144595233E-04
  3.76500E+00                4.12943813382546E-04
  3.77000E+00                4.12738914816150E-04
  3.77500E+00                4.12534447585046E-04
  3.78000E+00                4.12330410384464E-04
  3.78500E+00                4.12126801915827E-04
  3.79000E+00                4.11923620886708E-04
  3.79500E+00                4.11720866010798E-04
  3.80000E+00                4.11518536007858E-04
  3.80500E+00                4.11316629603694E-04
  3.81000E+00                4.11115145530102E-04
  3.81500E+00                4.10914082524847E-04
  3.82000E+00                4.10713439331614E-04
  3.82500E+00                4.10513214699978E-04
  3.83000E+00                4.10313407385363E-04
  3.83500E+00                4.10114016149008E-04
  3.84000E+00                4.09915039757929E-04
  3.84500E+00                4.09716476984886E-04
  3.85000E+00                4.09518326608340E-04
  3.85500E+00                4.09320587412426E-04
  3.86000E+00                4.09123258186913E-04
  3.86500E+00                4.08926337727172E-04
  3.87000E+00                4.08729824834139E-04
  3.87500E+00                4.08533718314278E-04
  3.88000E+00                4.08338016979552E-04
  3.88500E+00                4.08142719647388E-04
  3.89000E+00                4.07947825140639E-04
  3.89500E+00                4.07753332287556E-04
  3.90000E+00                4.07559239921752E-04
  3.90500E+00                4.07365546882165E-04
  3.91000E+00                4.07172252013037E-04
  3.91500E+00                4.06979354163866E-04
  3.92000E+00                4.06786852189386E-04
  3.92500E+00                4.06594744949529E-04
  3.93000E+00                4.06403031309396E-04
  3.93500E+00                4.06211710139220E-04
  3.94000E+00                4.06020780314342E-04
  3.94500E+00                4.05830240715176E-04
  3.95000E+00                4.05640090227175E-04
  3.95500E+00                4.05450327740807E-04
  3.96000E+00                4.05260952151519E-04
  3.96500E+00                4.05071962359708E-04
  3.97000E+00                4.04883357270692E-04
  3.97500E+00                4.04695135794681E-04
  3.98000E+00                4.04507296846743E-04
  3.98500E+00                4.04319839346780E-04
  3.99000E+00                4.04132762219493E-04
  3.99500E+00                4.03946064394359E-04
  4.00000E+00                4.03759744805598E-04
  4.00500E+00                4.03573802392144E-04
  4.01000E+00                4.03388236097619E-04
  4.01500E+00                4.03203044870304E-04
  4.02000E+00                4.03018227663110E-04
  4.02500E+00                4.02833783433550E-04
  4.03000E+00                4.02649711143715E-04
  4.03500E+00                4.02466009760239E-04
  4.04000E+00                4.02282678254280E-04
  4.04500E+00                4.02099715601487E-04
  4.05000E+00                4.01917120781976E-04
  4.05500E+00                4.01734892780302E-04
  4.06000E+00                4.01553030585434E-04
  4.06500E+00                4.01371533190726E-04
  4.07000E+00                4.01190399593894E-04
  4.07500E+00                4.01009628796987E-04
  4.08000E+00                4.00829219806363E-04
  4.08500E+00                4.00649171632663E-04
  4.09000E+00                4.00469483290786E-04
  4.09500E+00                4.00290153799862E-04
  4.10000E+00                4.00111182183228E-04
  4.10500E+00                3.99932567468406E-04
  4.11000E+00                3.99754308687071E-04
  4.11500E+00                3.99576404875034E-04
  4.12000E+00                3.99398855072214E-04
  4.12500E+00                3.99221658322611E-04
  4.13000E+00                3.99044813674290E-04
  4.13500E+00                3.98868320179349E-04
  4.14000E+00                3.98692176893897E-04
  4.14500E+00                3.98516382878035E-04
  4.15000E+00                3.98340937195827E-04
  4.15500E+00                3.98165838915280E-04
  4.16000E+00                3.97991087108320E-04
  4.16500E+00                3.97816680850769E-04
  4.17000E+00                3.97642619222321E-04
  4.17500E+00                3.97468901306521E-04
  4.18000E+00                3.97295526190743E-04
  4.18500E+00                3.97122492966165E-04
  4.19000E+00                3.96949800727750E-04
  4.19500E+00                3.96777448574222E-04
  4.20000E+00                3.96605435608044E-04
  4.20500E+00                3.96433760935398E-04
  4.21000E+00                3.96262423666160E-04
  4.21500E+00                3.96091422913884E-04
  4.22000E+00                3.95920757795775E-04
  4.22500E+00                3.95750427432671E-04
  4.23000E+00                3.95580430949021E-04
  4.23500E+00                3.95410767472868E-04
  4.24000E+00                3.95241436135818E-04
  4.24500E+00                3.95072436073032E-04
  4.25000E+00                3.94903766423199E-04
  4.25500E+00                3.94735426328513E-04
  4.26000E+00                3.94567414934659E-04
  4.26500E+00                3.94399731390790E-04
  4.27000E+00                3.94232374849508E-04
  4.27500E+00                3.94065344466842E-04
  4.28000E+00                3.93898639402231E-04
  4.28500E+00                3.93732258818503E-04
  4.29000E+00                3.93566201881856E-04
  4.29500E+00                3.93400467761840E-04
  4.30000E+00                3.93235055631335E-04
  4.30500E+00                3.93069964666536E-04
  4.31000E+00                3.92905194046929E-04
  4.31500E+00                3.92740742955278E-04
  4.32000E+00                3.92576610577603E-04
  4.32500E+00                3.92412796103160E-04
  4.33000E+00                3.92249298724428E-04
  4.33500E+00                3.92086117637086E-04
  4.34000E+00                3.91923252039996E-04
  4.34500E+00                3.91760701135186E-04
  4.35000E+00                3.91598464127831E-04
  4.35500E+00                3.91436540226238E-04
  4.36000E+00                3.91274928641823E-04
  4.36500E+00                3.91113628589100E-04
  4.37000E+00                3.90952639285657E-04
  4.37500E+00                3.90791959952146E-04
  4.38000E+00                3.90631589812259E-04
  4.38500E+00                3.90471528092713E-04
  4.39000E+00                3.90311774023238E-04
  4.39500E+00                3.90152326836552E-04
  4.40000E+00                3.89993185768351E-04
  4.40500E+00                3.89834350057289E-04
  4.41000E+00                3.89675818944960E-04
  4.41500E+00                3.89517591675888E-04
  4.42000E+00                3.89359667497505E-04
  4.42500E+00                3.89202045660134E-04
  4.43000E+00                3.89044725416979E-04
  4.43500E+00                3.88887706024104E-04
  4.44000E+00                3.88730986740418E-04
  4.44500E+00                3.88574566827662E-04
  4.45000E+00                3.88418445550389E-04
  4.45500E+00                3.88262622175950E-04
  4.46000E+00                3.88107095974483E-04
  4.46500E+00                3.87951866218890E-04
  4.47000E+00                3.87796932184829E-04
  4.47500E+00                3.87642293150692E-04
  4.48000E+00                3.87487948397598E-04
  4.48500E+00                3.87333897209370E-04
  4.49000E+00                3.87180138872523E-04
  4.49500E+00                3.87026672676255E-04
  4.50000E+00                3.86873497912422E-04
  4.50500E+00                3.86720613875534E-04
  4.51000E+00                3.86568019862729E-04
  4.51500E+00                3.86415715173772E-04
  4.52000E+00                3.86263699111029E-04
  4.52500E+00                3.86111970979459E-04
  4.53000E+00                3.85960530086599E-04
  4.53500E+00                3.85809375742549E-04
  4.54000E+00                3.85658507259959E-04
  4.54500E+00                3.85507923954015E-04
  4.55000E+00                3.85357625142424E-04
  4.55500E+00                3.85207610145404E-04
  4.56000E+00                3.85057878285666E-04
  4.56500E+00                3.84908428888402E-04
  4.57000E+00                3.84759261281274E-04
  4.57500E+00                3.84610374794398E-04
  4.58000E+00                3.84461768760332E-04
  4.58500E+00                3.84313442514062E-04
  4.59000E+00                3.84165395392991E-04
  4.59500E+00                3.84017626736923E-04
  4.60000E+00                3.83870135888052E-04
  4.60500E+00                3.83722922190952E-04
  4.61000E+00                3.83575984992558E-04
  4.61500E+00                3.83429323642156E-04
  4.62000E+00                3.83282937491376E-04
  4.62500E+00                3.83136825894171E-04
  4.63000E+00                3.82990988206809E-04
  4.63500E+00                3.82845423787861E-04
  4.64000E+00                3.82700131998188E-04
  4.64500E+00                3.82555112200928E-04
  4.65000E+00                3.82410363761486E-04
  4.65500E+00                3.82265886047521E-04
  4.66000E+00                3.82121678428931E-04
  4.66500E+00                3.81977740277849E-04
  4.67000E+00                3.81834070968622E-04
  4.67500E+00                3.81690669877807E-04
  4.68000E+00                3.81547536384154E-04
  4.68500E+00                3.81404669868598E-04
  4.69000E+00                3.81262069714245E-04
  4.69500E+00                3.81119735306364E-04
  4.70000E+00                3.80977666032372E-04
  4.70500E+00                3.80835861281823E-04
  4.71000E+00                3.80694320446402E-04
  4.71500E+00                3.80553042919907E-04
  4.72000E+00                3.80412028098242E-04
  4.72500E+00                3.80271275379405E-04
  4.73000E+00                3.80130784163479E-04
  4.73500E+00                3.79990553852616E-04
  4.74000E+00                3.79850583851035E-04
  4.74500E+00                3.79710873565001E-04
  4.75000E+00                3.79571422402823E-04
  4.75500E+00                3.79432229774837E-04
  4.76000E+00                3.79293295093402E-04
  4.76500E+00                3.79154617772883E-04
  4.77000E+00                3.79016197229647E-04
  4.77500E+00                3.78878032882048E-04
  4.78000E+00                3.78740124150417E-04
  4.78500E+00                3.78602470457055E-04
  4.79000E+00                3.78465071226221E-04
  4.79500E+00                3.78327925884123E-04
  4.80000E+00                3.78191033858905E-04
  4.80500E+00                3.78054394580641E-04
  4.81000E+00                3.77918007481324E-04
  4.81500E+00                3.77781871994854E-04
  4.82000E+00                3.77645987557032E-04
  4.82500E+00                3.77510353605548E-04
  4.83000E+00                3.77374969579971E-04
  4.83500E+00                3.77239834921741E-04
  4.84000E+00                3.77104949074159E-04
  4.84500E+00                3.76970311482379E-04
  4.85000E+00                3.76835921593394E-04
  4.85500E+00                3.76701778856033E-04
  4.86000E+00                3.76567882720948E-04
  4.86500E+00                3.76434232640604E-04
  4.87000E+00                3.76300828069273E-04
  4.87500E+00                3.76167668463024E-04
  4.88000E+00                3.76034753279712E-04
  4.88500E+00                3.75902081978972E-04
  4.89000E+00                3.75769654022207E-04
  4.89500E+00                3.75637468872583E-04
  4.90000E+00                3.75505525995016E-04
  4.90500E+00                3.75373824856166E-04
  4.91000E+00                3.75242364924428E-04
  4.91500E+00                3.75111145669924E-04
  4.92000E+00                3.74980166564493E-04
  4.92500E+00                3.74849427081683E-04
  4.93000E+00                3.74718926696740E-04
  4.93500E+00                3.74588664886608E-04
  4.94000E+00                3.74458641129911E-04
  4.94500E+00                3.74328854906948E-04
  4.95000E+00                3.74199305699687E-04
  4.95500E+00                3.74069992991757E-04
  4.96000E+00                3.73940916268434E-04
  4.96500E+00                3.73812075016641E-04
  4.97000E+00                3.73683468724934E-04
  4.97500E+00                3.73555096883495E-04
  4.98000E+00                3.73426958984127E-04
  4.98500E+00                3.73299054520244E-04
  4.99000E+00                3.73171382986863E-04
  4.99500E+00                3.73043943880596E-04
  5.00000E+00                3.72916736699643E-04
