# Time series at grid cell:  30  30   1
VARIABLES = "Time (yrs) " , "pH                 ", "Cu++               ", "
  1.00000E-06                8.00013952433414E+00   3.22957938676985E-08
  2.00000E-06                8.00017474230775E+00   3.23337275616194E-08
  3.00000E-06                8.00017542822267E+00   3.23495483395592E-08
  4.00000E-06                8.00017588336884E+00   3.23564715823151E-08
  5.00000E-06                8.00017630108516E+00   3.23598069752600E-08
  7.00000E-06                8.00017709818539E+00   3.23628534584385E-08
  1.10000E-05                8.00017866422629E+00   3.23668515208281E-08
  1.82252E-05                8.00018146438817E+00   3.23734896020374E-08
  2.87896E-05                8.00018550999988E+00   3.23831230896660E-08
  4.99185E-05                8.00019341443147E+00   3.24023888515185E-08
  8.52861E-05                8.00020614175416E+00   3.24346614321401E-08
  1.27472E-04                8.00022063812357E+00   3.24731982206104E-08
  2.01057E-04                8.00024400412721E+00   3.25404972371317E-08
  3.01338E-04                8.00027264127562E+00   3.26323687628798E-08
  4.21832E-04                8.00030297736834E+00   3.27429734890684E-08
  5.83160E-04                8.00033741798595E+00   3.28912877144687E-08
  8.17921E-04                8.00037719479515E+00   3.31072589475341E-08
  1.19921E-03                8.00042272274102E+00   3.34574082228936E-08
  1.81648E-03                8.00046694471129E+00   3.40207557919549E-08
