 
  ************************** CrunchFlow ******************************
    
                   Authors:  C.I. STEEFEL, S. MOLINS 
                       *** Copyright Notice ***          
  ï¿½CrunchFlowï¿½, Copyright (c) 2016, The Regents of the University of Califor
 nia, through Lawrence Berkeley National Laboratory
  (subject to receipt of any required approvals from the U.S. Dept. of Energy).ï
 ¿½ All rights reserved.
 
  If you have questions about your rights to use or distribute this software, pl
 ease contact 
  Berkeley Lab Innovation & Partnerships Office atï¿½ï¿½IPO@lbl.gov.  
 
  NOTICE.ï¿½ This Software was developed under funding from the U.S. Department 
 of Energy and the U.S. Government 
  consequently retains certain rights. As such, the U.S. Government has been gra
 nted for itself and others acting 
  on its behalf a paid-up, nonexclusive, irrevocable, worldwide license in the S
 oftware to reproduce, distribute copies to the public, 
  prepare derivative works, and perform publicly and display publicly, and to pe
 rmit other to do so.
    
 
 
  Lichtner's 2D copper leaching problem                                   
 
 
 
   ---> Using database: copper.dbs                                                                                          
 
 
 Number of components =                    12
 
  1 Na+               
  2 K+                
  3 Ca++              
  4 H+                
  5 Cu++              
  6 Al+++             
  7 Fe++              
  8 SiO2(aq)          
  9 HCO3-             
 10 SO4--             
 11 Cl-               
 12 O2(aq)            
 
 Number of secondary species in input file =           32
 
  1 Al(OH)2+          
  2 Al(SO4)2-         
  3 AlO2-             
  4 AlOH++            
  5 AlSO4+            
  6 CO2(aq)           
  7 CO3--             
  8 CaCO3(aq)         
  9 CaHCO3+           
 10 CaOH+             
 11 CaSO4(aq)         
 12 CuCl+             
 13 CuCl2(aq)         
 14 CuCl3--           
 15 CuCl4--           
 16 CuO2--            
 17 CuOH+             
 18 CuSO4(aq)         
 19 Fe(OH)2(aq)       
 20 Fe(OH)2+          
 21 Fe(OH)3(aq)       
 22 Fe(OH)3-          
 23 Fe(OH)4-          
 24 FeSO4(aq)         
 25 FeSO4+            
 26 Fe(SO4)2-         
 27 H2SiO4--          
 28 HAlO2(aq)         
 29 HSO4-             
 30 OH-               
 31 Cu+               
 32 Fe+++             
 
 Number of gases in input file =                2
 
  1 O2(g)             
  2 CO2(g)            
 
 
 Number of kinetic minerals =           10
 
 
  Using database file: copper.dbs
 
  temperature interpolation coefficients
                  ln(T+Tk)        1         T+Tk      (T+Tk)**-1   (t+tk)**-2
 
    HOMOGENEOUS REACTIONS
 
 Species         log K         Stoichiometric Coefficients
                            Na+    K+     Ca++   H+     Cu++   Al+++  Fe++   SiO2(a HCO3-  SO4--  Cl-    O2(aq) 
 Al(OH)2+            1.0595E+01   0.00   0.00   0.00  -2.00   0.00   1.00   0.00   0.00   0.00   0.00   0.00   0.00
 Al(SO4)2-          -4.9000E+00   0.00   0.00   0.00   0.00   0.00   1.00   0.00   0.00   0.00   2.00   0.00   0.00
 AlO2-               2.2883E+01   0.00   0.00   0.00  -4.00   0.00   1.00   0.00   0.00   0.00   0.00   0.00   0.00
 AlOH++              4.9571E+00   0.00   0.00   0.00  -1.00   0.00   1.00   0.00   0.00   0.00   0.00   0.00   0.00
 AlSO4+             -3.0100E+00   0.00   0.00   0.00   0.00   0.00   1.00   0.00   0.00   0.00   1.00   0.00   0.00
 CO2(aq)            -6.3447E+00   0.00   0.00   0.00   1.00   0.00   0.00   0.00   0.00   1.00   0.00   0.00   0.00
 CO3--               1.0329E+01   0.00   0.00   0.00  -1.00   0.00   0.00   0.00   0.00   1.00   0.00   0.00   0.00
 CaCO3(aq)           7.0017E+00   0.00   0.00   1.00  -1.00   0.00   0.00   0.00   0.00   1.00   0.00   0.00   0.00
 CaHCO3+            -1.0467E+00   0.00   0.00   1.00   0.00   0.00   0.00   0.00   0.00   1.00   0.00   0.00   0.00
 CaOH+               1.2850E+01   0.00   0.00   1.00  -1.00   0.00   0.00   0.00   0.00   0.00   0.00   0.00   0.00
 CaSO4(aq)          -2.1111E+00   0.00   0.00   1.00   0.00   0.00   0.00   0.00   0.00   0.00   1.00   0.00   0.00
 CuCl+              -4.3700E-01   0.00   0.00   0.00   0.00   1.00   0.00   0.00   0.00   0.00   0.00   1.00   0.00
 CuCl2(aq)          -1.5850E-01   0.00   0.00   0.00   0.00   1.00   0.00   0.00   0.00   0.00   0.00   2.00   0.00
 CuCl3--             1.3866E+01   0.00   0.00   0.00  -1.00   1.00   0.00   0.00   0.00   0.00   0.00   3.00  -0.25
 CuCl4--             4.5681E+00   0.00   0.00   0.00   0.00   1.00   0.00   0.00   0.00   0.00   0.00   4.00   0.00
 CuO2--              3.9450E+01   0.00   0.00   0.00  -4.00   1.00   0.00   0.00   0.00   0.00   0.00   0.00   0.00
 CuOH+               7.2875E+00   0.00   0.00   0.00  -1.00   1.00   0.00   0.00   0.00   0.00   0.00   0.00   0.00
 CuSO4(aq)          -2.3100E+00   0.00   0.00   0.00   0.00   1.00   0.00   0.00   0.00   0.00   1.00   0.00   0.00
 Fe(OH)2(aq)         2.0600E+01   0.00   0.00   0.00  -2.00   0.00   0.00   1.00   0.00   0.00   0.00   0.00   0.00
 Fe(OH)2+           -2.8202E+00   0.00   0.00   0.00  -1.00   0.00   0.00   1.00   0.00   0.00   0.00   0.00   0.25
 Fe(OH)3(aq)         3.5098E+00   0.00   0.00   0.00  -2.00   0.00   0.00   1.00   0.00   0.00   0.00   0.00   0.25
 Fe(OH)3-            3.1000E+01   0.00   0.00   0.00  -3.00   0.00   0.00   1.00   0.00   0.00   0.00   0.00   0.00
 Fe(OH)4-            1.3110E+01   0.00   0.00   0.00  -3.00   0.00   0.00   1.00   0.00   0.00   0.00   0.00   0.25
 FeSO4(aq)          -2.2000E+00   0.00   0.00   0.00   0.00   0.00   0.00   1.00   0.00   0.00   1.00   0.00   0.00
 FeSO4+             -1.0418E+01   0.00   0.00   0.00   1.00   0.00   0.00   1.00   0.00   0.00   1.00   0.00   0.25
 Fe(SO4)2-          -1.1704E+01   0.00   0.00   0.00   1.00   0.00   0.00   1.00   0.00   0.00   2.00   0.00   0.25
 H2SiO4--            2.2960E+01   0.00   0.00   0.00  -2.00   0.00   0.00   0.00   1.00   0.00   0.00   0.00   0.00
 HAlO2(aq)           1.6158E+01   0.00   0.00   0.00  -3.00   0.00   1.00   0.00   0.00   0.00   0.00   0.00   0.00
 HSO4-              -1.9791E+00   0.00   0.00   0.00   1.00   0.00   0.00   0.00   0.00   0.00   1.00   0.00   0.00
 OH-                 1.3995E+01   0.00   0.00   0.00  -1.00   0.00   0.00   0.00   0.00   0.00   0.00   0.00   0.00
 Cu+                 1.9495E+01   0.00   0.00   0.00  -1.00   1.00   0.00   0.00   0.00   0.00   0.00   0.00  -0.25
 Fe+++              -8.4902E+00   0.00   0.00   0.00   1.00   0.00   0.00   1.00   0.00   0.00   0.00   0.00   0.25
 
      MINERAL REACTIONS
 
 Mineral         log K         Stoichiometric Coefficients
                            Na+    K+     Ca++   H+     Cu++   Al+++  Fe++   SiO2(a HCO3-  SO4--  Cl-    O2(aq) 
 Chrysocolla         3.9279E+00   0.00   0.00   0.00  -2.00   1.00   0.00   0.00   1.00   0.00   0.00   0.00   0.00
 Goethite           -7.9557E+00   0.00   0.00   0.00  -2.00   0.00   0.00   1.00   0.00   0.00   0.00   0.00   0.25
 Kaolinite           6.8101E+00   0.00   0.00   0.00  -6.00   0.00   2.00   0.00   2.00   0.00   0.00   0.00   0.00
 Muscovite           1.3586E+01   0.00   1.00   0.00 -10.00   0.00   3.00   0.00   3.00   0.00   0.00   0.00   0.00
 Quartz             -3.9993E+00   0.00   0.00   0.00   0.00   0.00   0.00   0.00   1.00   0.00   0.00   0.00   0.00
 SiO2(am)           -2.7136E+00   0.00   0.00   0.00   0.00   0.00   0.00   0.00   1.00   0.00   0.00   0.00   0.00
 Gypsum             -4.4823E+00   0.00   0.00   1.00   0.00   0.00   0.00   0.00   0.00   0.00   1.00   0.00   0.00
 Jarosite           -3.4841E+01   0.00   1.00   0.00  -3.00   0.00   0.00   3.00   0.00   0.00   2.00   0.00   0.75
 Jurbanite          -3.2300E+00   0.00   0.00   0.00  -1.00   0.00   1.00   0.00   0.00   0.00   1.00   0.00   0.00
 Alunite            -3.4790E-01   0.00   1.00   0.00  -6.00   0.00   3.00   0.00   0.00   0.00   2.00   0.00   0.00
 
     GAS REACTIONS
 
 Gases           log K         Stoichiometric Coefficients
                            Na+    K+     Ca++   H+     Cu++   Al+++  Fe++   SiO2(a HCO3-  SO4--  Cl-    O2(aq) 
 O2(g)              -2.8993E+00   0.00   0.00   0.00   0.00   0.00   0.00   0.00   0.00   0.00   0.00   0.00   1.00
 CO2(g)             -7.8136E+00   0.00   0.00   0.00   1.00   0.00   0.00   0.00   0.00   1.00   0.00   0.00   0.00
 
  ***KINETIC INPUTS***
 
   MINERAL
 
 
  ******  GEOCHEMICAL CONDITIONS INPUT  ******
 
 Number of geochemical conditions specified =            2
 
  Condition Label: initial_condition
 
 
  Primary species    itype     guess      Total conc.  Constraint phase
  Na+                  1    4.3498E-11    5.0000E-03                       
  K+                   3    2.5577E-11    1.5380-158     Muscovite         
  Ca++                 1    2.4951E-11    6.8513E-04                       
  H+                   7    1.0000E-08    6.0135-154                       
  Cu++                 3    1.5737E-11    9.4632-159     Chrysocolla       
  Al+++                3    3.7062E-11    2.2287-158     Kaolinite         
  Fe++                 3    1.7906E-11    1.0768-158     Goethite          
  SiO2(aq)             1    1.6643E-11    1.8703E-04                       
  HCO3-                4    1.6389E-11    1.0000E-03     CO2(g)            
  SO4--                1    1.0410E-11    5.0000E-04                       
  Cl-                  2    2.8207E-11    1.6962-158                       
  O2(aq)               4    3.1251E-11    2.0000E-01     O2(g)             
 
  Porosity for this chemical condition =   0.0500
 
 
 
  Condition Label: leach_solution
 
 
  Primary species    itype     guess      Total conc.  Constraint phase
  Na+                  1    1.0000E-06    5.0000E-03                       
  K+                   3    1.0000E-06    6.0135-154     Jarosite          
  Ca++                 3    1.0000E-06    6.0135-154     Gypsum            
  H+                   7    1.0000E-01    6.0135-154                       
  Cu++                 1    1.0000E-06    1.0000E-08                       
  Al+++                1    1.0000E-06    2.5000E-02                       
  Fe++                 3    1.0000E-06    6.0135-154     Goethite          
  SiO2(aq)             3    1.0000E-06    6.0135-154     SiO2(am)          
  HCO3-                4    1.0000E-06    1.0000E-02     CO2(g)            
  SO4--                2    1.0000E-06    6.0135-154                       
  Cl-                  1    1.0000E-06    5.0000E-03                       
  O2(aq)               4    1.0000E-06    2.0000E-01     O2(g)             
 
  Porosity for this chemical condition =   0.0500
 
 
 
   ********  SPECIATION OF GEOCHEMICAL CONDITIONS  ********
 
 
 *********************************************
  ---> GEOCHEMICAL CONDITION: initial_condition
 
  Temperature (C)         =     25.000
  Porosity                =      0.050
  Liquid Saturation       =      1.000
  Liquid Density (kg/m^3) =    997.075
  Solid Density (kg/m^3)  =  19432.798
  Solid:Solution Ratio    = 370306.262
  Ionic Strength          =      0.007
  Solution pH             =      8.000
  Solution pe and Eh require H2(g) be included
  Total Charge            = -2.602E-18
 
 Total Aqueous Concentrations of Primary Species  
 --------------------------------------- 
 
 Species                Molality     Constraint    Constraint Phase 
 Na+                 5.00000E-03     Total                           
 K+                  2.57681E-05     Mineral       Muscovite         
 Ca++                6.85129E-04     Total                           
 H+                  1.53580E-05     Activity                        
 Cu++                3.22850E-08     Mineral       Chrysocolla       
 Al+++               2.03753E-08     Mineral       Kaolinite         
 Fe++                3.59216E-12     Mineral       Goethite          
 SiO2(aq)            1.87031E-04     Total                           
 HCO3-               1.74172E-03     Gas           CO2(g)            
 SO4--               5.00000E-04     Total                           
 Cl-                 3.66979E-03     Charge                          
 O2(aq)              2.51778E-04     Gas           O2(g)             
 
 Concentrations of Individual Species, Exchangers, and Surface Complexes 
 ----------------------------------------------------------------------- 
 
                           Log        Log                                 Activity
 Species              Molality   Activity      Molality      Activity   Coefficient    Type
  Na+                   -2.301     -2.340     5.000E-03     4.566E-03     9.133E-01  Aqueous 
  K+                    -4.589     -4.629     2.577E-05     2.348E-05     9.111E-01  Aqueous 
  Ca++                  -3.187     -3.338     6.498E-04     4.592E-04     7.067E-01  Aqueous 
  H+                    -7.965     -8.000     1.084E-08     1.000E-08     9.228E-01  Aqueous 
  Cu++                  -8.194     -8.345     6.398E-09     4.521E-09     7.067E-01  Aqueous 
  Al+++                -16.551    -16.868     2.811E-17     1.356E-17     4.825E-01  Aqueous 
  Fe++                 -22.905    -23.056     1.243E-23     8.787E-24     7.067E-01  Aqueous 
  SiO2(aq)              -3.728     -3.727     1.870E-04     1.874E-04     1.002E+00  Aqueous 
  HCO3-                 -2.774     -2.814     1.682E-03     1.536E-03     9.133E-01  Aqueous 
  SO4--                 -3.319     -3.477     4.803E-04     3.334E-04     6.942E-01  Aqueous 
  Cl-                   -2.435     -2.476     3.670E-03     3.344E-03     9.111E-01  Aqueous 
  O2(aq)                -3.599     -3.598     2.518E-04     2.522E-04     1.002E+00  Aqueous 
  Al(OH)2+             -11.423    -11.462     3.778E-12     3.451E-12     9.133E-01  Aqueous 
  Al(SO4)2-            -18.882    -18.922     1.311E-19     1.198E-19     9.133E-01  Aqueous 
  AlO2-                 -7.712     -7.751     1.943E-08     1.775E-08     9.133E-01  Aqueous 
  AlOH++               -13.668    -13.825     2.147E-14     1.497E-14     6.974E-01  Aqueous 
  AlSO4+               -17.295    -17.335     5.067E-18     4.628E-18     9.133E-01  Aqueous 
  CO2(aq)               -4.470     -4.469     3.391E-05     3.397E-05     1.002E+00  Aqueous 
  CO3--                 -4.986     -5.142     1.033E-05     7.204E-06     6.974E-01  Aqueous 
  CaCO3(aq)             -5.154     -5.153     7.014E-06     7.026E-06     1.002E+00  Aqueous 
  CaHCO3+               -5.066     -5.105     8.600E-06     7.854E-06     9.133E-01  Aqueous 
  CaOH+                 -8.149     -8.188     7.102E-09     6.486E-09     9.133E-01  Aqueous 
  CaSO4(aq)             -4.705     -4.704     1.974E-05     1.977E-05     1.002E+00  Aqueous 
  CuCl+                -10.344    -10.384     4.527E-11     4.135E-11     9.133E-01  Aqueous 
  CuCl2(aq)            -13.139    -13.138     7.268E-14     7.280E-14     1.002E+00  Aqueous 
  CuCl3--              -20.580    -20.738     2.630E-21     1.826E-21     6.942E-01  Aqueous 
  CuCl4--              -22.658    -22.816     2.200E-23     1.527E-23     6.942E-01  Aqueous 
  CuO2--               -15.636    -15.794     2.312E-16     1.605E-16     6.942E-01  Aqueous 
  CuOH+                 -7.593     -7.632     2.553E-08     2.332E-08     9.133E-01  Aqueous 
  CuSO4(aq)             -9.513     -9.512     3.072E-10     3.078E-10     1.002E+00  Aqueous 
  Fe(OH)2(aq)          -27.657    -27.656     2.203E-28     2.207E-28     1.002E+00  Aqueous 
  Fe(OH)2+             -13.096    -13.135     8.015E-14     7.320E-14     9.133E-01  Aqueous 
  Fe(OH)3(aq)          -11.466    -11.466     3.418E-12     3.424E-12     1.002E+00  Aqueous 
  Fe(OH)3-             -30.017    -30.056     9.621E-31     8.787E-31     9.133E-01  Aqueous 
  Fe(OH)4-             -13.026    -13.066     9.417E-14     8.600E-14     9.133E-01  Aqueous 
  FeSO4(aq)            -24.334    -24.333     4.635E-25     4.643E-25     1.002E+00  Aqueous 
  FeSO4+               -24.976    -25.015     1.058E-25     9.662E-26     9.133E-01  Aqueous 
  Fe(SO4)2-            -27.166    -27.206     6.817E-28     6.226E-28     9.133E-01  Aqueous 
  H2SiO4--             -10.529    -10.687     2.959E-11     2.054E-11     6.942E-01  Aqueous 
  HAlO2(aq)             -9.026     -9.026     9.411E-10     9.427E-10     1.002E+00  Aqueous 
  HSO4-                 -9.459     -9.498     3.479E-10     3.178E-10     9.133E-01  Aqueous 
  OH-                   -5.955     -5.995     1.109E-06     1.011E-06     9.122E-01  Aqueous 
  Cu+                  -18.901    -18.940     1.257E-19     1.148E-19     9.133E-01  Aqueous 
  Fe+++                -23.149    -23.465     7.097E-24     3.424E-24     4.825E-01  Aqueous 
 
 
  ****** Partial pressure of gases (bars) *****
 
 O2(g)                2.00000000E-01
 CO2(g)               1.00000000E-03
 
  ****** Saturation state of minerals (log[Q/K] *****
 
  Chrysocolla               0.0000
  Omega                     1.00000000000000     
  Goethite                 -0.0000
  Omega                    0.999999999999996     
  Kaolinite                -0.0000
  Omega                    0.999999999999996     
  Muscovite                 0.0000
  Omega                     1.00000000000002     
  Quartz                    0.2720
  Omega                     1.87050985325797     
  SiO2(am)                 -1.0137
  Omega                    9.688577113721059E-002
  Gypsum                   -2.3327
  Omega                    4.648060642712746E-003
  Jarosite                -24.6093
  Omega                    2.458821361665503E-025
  Jurbanite                -9.1146
  Omega                    7.680305378962187E-010
  Alunite                 -13.8383
  Omega                    1.451098779112664E-014
 
 *********************************************
  ---> GEOCHEMICAL CONDITION: leach_solution
 
  Temperature (C)         =     25.000
  Porosity                =      0.050
  Liquid Saturation       =      1.000
  Liquid Density (kg/m^3) =    997.075
  Solid Density (kg/m^3)  =  19432.798
  Solid:Solution Ratio    = 370306.262
  Ionic Strength          =      0.497
  Solution pH             =      1.000
  Solution pe and Eh require H2(g) be included
  Total Charge            =  8.934E-16
 
 Total Aqueous Concentrations of Primary Species  
 --------------------------------------- 
 
 Species                Molality     Constraint    Constraint Phase 
 Na+                 5.00000E-03     Total                           
 K+                  1.27367E-04     Mineral       Jarosite          
 Ca++                1.48591E-02     Mineral       Gypsum            
 H+                  3.27200E-01     Activity                        
 Cu++                1.00000E-08     Total                           
 Al+++               2.50000E-02     Total                           
 Fe++                4.26834E-02     Mineral       Goethite          
 SiO2(aq)            1.72466E-03     Mineral       SiO2(am)          
 HCO3-               3.02975E-04     Gas           CO2(g)            
 SO4--               2.58554E-01     Charge                          
 Cl-                 5.00000E-03     Total                           
 O2(aq)              1.08958E-02     Gas           O2(g)             
 
 Concentrations of Individual Species, Exchangers, and Surface Complexes 
 ----------------------------------------------------------------------- 
 
                           Log        Log                                 Activity
 Species              Molality   Activity      Molality      Activity   Coefficient    Type
  Na+                   -2.301     -2.468     5.000E-03     3.406E-03     6.812E-01  Aqueous 
  K+                    -3.895     -4.087     1.274E-04     8.181E-05     6.423E-01  Aqueous 
  Ca++                  -1.956     -2.539     1.107E-02     2.892E-03     2.613E-01  Aqueous 
  H+                    -0.904     -1.000     1.249E-01     1.000E-01     8.009E-01  Aqueous 
  Cu++                  -8.189     -8.772     6.471E-09     1.691E-09     2.613E-01  Aqueous 
  Al+++                 -2.204     -3.235     6.247E-03     5.817E-04     9.311E-02  Aqueous 
  Fe++                  -8.473     -9.056     3.362E-09     8.787E-10     2.613E-01  Aqueous 
  SiO2(aq)              -2.763     -2.714     1.725E-03     1.934E-03     1.121E+00  Aqueous 
  HCO3-                 -8.647     -8.814     2.255E-09     1.536E-09     6.812E-01  Aqueous 
  SO4--                 -1.216     -1.943     6.088E-02     1.139E-02     1.871E-01  Aqueous 
  Cl-                   -2.301     -2.493     5.000E-03     3.211E-03     6.423E-01  Aqueous 
  O2(aq)                -3.648     -3.598     2.249E-04     2.522E-04     1.121E+00  Aqueous 
  Al(OH)2+             -11.663    -11.830     2.172E-12     1.480E-12     6.812E-01  Aqueous 
  Al(SO4)2-             -2.056     -2.222     8.800E-03     5.995E-03     6.812E-01  Aqueous 
  AlO2-                -21.952    -22.119     1.117E-22     7.610E-23     6.812E-01  Aqueous 
  AlOH++                -6.507     -7.192     3.112E-07     6.421E-08     2.063E-01  Aqueous 
  AlSO4+                -2.002     -2.169     9.953E-03     6.780E-03     6.812E-01  Aqueous 
  CO2(aq)               -3.519     -3.469     3.030E-04     3.397E-04     1.121E+00  Aqueous 
  CO3--                -17.457    -18.142     3.492E-18     7.204E-19     2.063E-01  Aqueous 
  CaCO3(aq)            -17.404    -17.354     3.946E-18     4.424E-18     1.121E+00  Aqueous 
  CaHCO3+              -10.139    -10.306     7.260E-11     4.946E-11     6.812E-01  Aqueous 
  CaOH+                -14.222    -14.389     5.996E-15     4.085E-15     6.812E-01  Aqueous 
  CaSO4(aq)             -2.421     -2.371     3.794E-03     4.254E-03     1.121E+00  Aqueous 
  CuCl+                -10.661    -10.828     2.180E-11     1.485E-11     6.812E-01  Aqueous 
  CuCl2(aq)            -13.650    -13.600     2.240E-14     2.512E-14     1.121E+00  Aqueous 
  CuCl3--              -27.490    -28.218     3.234E-28     6.052E-29     1.871E-01  Aqueous 
  CuCl4--              -22.585    -23.313     2.599E-23     4.862E-24     1.871E-01  Aqueous 
  CuO2--               -43.494    -44.222     3.209E-44     6.004E-45     1.871E-01  Aqueous 
  CuOH+                -14.893    -15.059     1.280E-15     8.722E-16     6.812E-01  Aqueous 
  CuSO4(aq)             -8.455     -8.405     3.508E-09     3.933E-09     1.121E+00  Aqueous 
  Fe(OH)2(aq)          -27.706    -27.656     1.969E-28     2.207E-28     1.121E+00  Aqueous 
  Fe(OH)2+              -5.969     -6.135     1.074E-06     7.320E-07     6.812E-01  Aqueous 
  Fe(OH)3(aq)          -11.515    -11.466     3.054E-12     3.424E-12     1.121E+00  Aqueous 
  Fe(OH)3-             -36.889    -37.056     1.290E-37     8.787E-38     6.812E-01  Aqueous 
  Fe(OH)4-             -19.899    -20.066     1.262E-20     8.600E-21     6.812E-01  Aqueous 
  FeSO4(aq)             -8.849     -8.800     1.415E-09     1.586E-09     1.121E+00  Aqueous 
  FeSO4+                -2.315     -2.481     4.846E-03     3.301E-03     6.812E-01  Aqueous 
  Fe(SO4)2-             -2.972     -3.139     1.067E-03     7.266E-04     6.812E-01  Aqueous 
  H2SiO4--             -22.946    -23.674     1.133E-23     2.120E-24     1.871E-01  Aqueous 
  HAlO2(aq)            -16.443    -16.393     3.606E-17     4.043E-17     1.121E+00  Aqueous 
  HSO4-                 -0.798     -0.964     1.594E-01     1.086E-01     6.812E-01  Aqueous 
  OH-                  -12.816    -12.995     1.526E-13     1.011E-13     6.627E-01  Aqueous 
  Cu+                  -26.200    -26.367     6.303E-27     4.294E-27     6.812E-01  Aqueous 
  Fe+++                 -1.435     -2.465     3.677E-02     3.424E-03     9.311E-02  Aqueous 
 
 
  ****** Partial pressure of gases (bars) *****
 
 O2(g)                2.00000000E-01
 CO2(g)               1.00000000E-02
 
  ****** Saturation state of minerals (log[Q/K] *****
 
  Chrysocolla             -13.4134
  Omega                    3.860451275935432E-014
  Goethite                 -0.0000
  Omega                    0.999999999999996     
  Kaolinite               -12.7079
  Omega                    1.959120579849936E-013
  Muscovite               -25.5198
  Omega                    3.021539781457606E-026
  Quartz                    1.2857
  Omega                     19.3063422141620     
  SiO2(am)                  0.0000
  Omega                     1.00000000000000     
  Gypsum                   -0.0000
  Omega                    0.999999999999991     
  Jarosite                 -0.0000
  Omega                    0.999999999999972     
  Jurbanite                -0.9488
  Omega                    0.112521963036474     
  Alunite                 -11.3322
  Omega                    4.654164723988860E-012
 
                SPECIATION OF  
      INITIAL AND BOUNDARY CONDITIONS 
           SUCCESSFULLY COMPLETED
 
 
   NZ =            1
 
  Cell  Distance (m)
   1    5.000E-01
 
 
 Number of heterogeneities =            1
 
 
 Parameters for this run:
 
  Maximum timestep (yrs) =    1.000E-03
  Maximum timestep (yrs) =    1.000E-06
 
 --> Porosity set by "fix_porosity" or "set_porosity" keywords
 ----> No update of porosity
 --> Extended Debye-Huckel activity model used
 --> Activity coefficients only computed
     at beginning of time step 
 
  Temperature (C) at J = 1            25.00
  Temperature gradient (C/m) =         0.00
 
 Graphics files printed at (yrs)
   1.0000E-01
   2.0000E-01
   5.0000E-01
   1.0000E+00
   2.0000E+00

 
 
 
  Longitudinal dispersivity (m) =     0.0000E+00
  Transverse dispersivity (m) =       0.0000E+00
 
 
         INITIALIZATION COMPLETED 
          STARTING TIMESTEPPING 
 
