# Time series at grid cell:   6  21   1
VARIABLES = "Time (yrs) " , "Tracer             ", "Ca++               ", "pH                 ", "
  1.00000E-07                1.00000000000000E-05   1.69512000000000E-04   7.00002280791485E+00   6.20732006053510E-02
  2.00000E-07                1.00000000000000E-05   1.69512000000000E-04   6.99993213782359E+00   6.20741370109701E-02
  3.00000E-07                1.00000000000000E-05   1.69512000000000E-04   6.99978050971280E+00   6.20741411468421E-02
  4.00000E-07                1.00000000000000E-05   1.69512000000000E-04   6.99962820411143E+00   6.20741404129636E-02
  5.00000E-07                1.00000000000000E-05   1.69512000000000E-04   6.99947531075360E+00   6.20741396539852E-02
  5.08160E-07                1.00000000000000E-05   1.69512000000000E-04   6.99944469736910E+00   6.20741388949776E-02
  5.08839E-07                1.00000000000000E-05   1.69512000000000E-04   6.99944217200509E+00   6.20741388329916E-02
  5.09663E-07                1.00000000000000E-05   1.69512000000000E-04   6.99944094159676E+00   6.20741388265758E-02
  5.11311E-07                1.00000000000000E-05   1.69512000000000E-04   6.99943858768727E+00   6.20741388197408E-02
  5.14608E-07                1.00000000000000E-05   1.69512000000000E-04   6.99943387915723E+00   6.20741388070548E-02
  5.21201E-07                1.00000000000000E-05   1.69512000000000E-04   6.99942445891562E+00   6.20741387819607E-02
  5.34388E-07                1.00000000000000E-05   1.69512000000000E-04   6.99940560603593E+00   6.20741387318003E-02
  5.55615E-07                1.00000000000000E-05   1.69512000000000E-04   6.99937472091859E+00   6.20741386314798E-02
  5.77890E-07                1.00000000000000E-05   1.69512000000000E-04   6.99934082280153E+00   6.20741384699594E-02
  5.93140E-07                1.00000000000000E-05   1.69512000000000E-04   6.99931607574929E+00   6.20741383004478E-02
  5.95267E-07                1.00000000000000E-05   1.69512000000000E-04   6.99931022607688E+00   6.20741381851570E-02
  5.95474E-07                1.00000000000000E-05   1.69512000000000E-04   6.99930952759115E+00   6.20741381692029E-02
  5.95676E-07                1.00000000000000E-05   1.69512000000000E-04   6.99930921749002E+00   6.20741381672242E-02
  5.96079E-07                1.00000000000000E-05   1.69512000000000E-04   6.99930863996504E+00   6.20741381653029E-02
  5.96885E-07                1.00000000000000E-05   1.69512000000000E-04   6.99930748490013E+00   6.20741381619465E-02
  5.98497E-07                1.00000000000000E-05   1.69512000000000E-04   6.99930517459420E+00   6.20741381556723E-02
  6.01722E-07                1.00000000000000E-05   1.69512000000000E-04   6.99930055327949E+00   6.20741381433610E-02
  6.07769E-07                1.00000000000000E-05   1.69512000000000E-04   6.99929184459810E+00   6.20741381188061E-02
  6.19845E-07                1.00000000000000E-05   1.69512000000000E-04   6.99927452271461E+00   6.20741380727516E-02
  6.42326E-07                1.00000000000000E-05   1.69512000000000E-04   6.99924207985867E+00   6.20741379807842E-02
  6.87289E-07                1.00000000000000E-05   1.69512000000000E-04   6.99917739573903E+00   6.20741378095001E-02
  7.72321E-07                1.00000000000000E-05   1.69512000000000E-04   6.99905416268742E+00   6.20741374667764E-02
  9.27358E-07                1.00000000000000E-05   1.69512000000000E-04   6.99882765529767E+00   6.20741368180553E-02
  1.21390E-06                1.00000000000000E-05   1.69512000000000E-04   6.99840625869793E+00   6.20741356338493E-02
  1.65161E-06                1.00000000000000E-05   1.69512000000000E-04   6.99774899391761E+00   6.20741334439268E-02
  2.31823E-06                1.00000000000000E-05   1.69512000000000E-04   6.99674777165837E+00   6.20741301099803E-02
  3.12950E-06                1.00000000000000E-05   1.69512000000000E-04   6.99551766763377E+00   6.20741250918024E-02
  3.78069E-06                1.00000000000000E-05   1.69512000000000E-04   6.99449487339709E+00   6.20741191301380E-02
  3.86311E-06                1.00000000000000E-05   1.69512000000000E-04   6.99425938054453E+00   6.20741144782156E-02
  3.87003E-06                1.00000000000000E-05   1.69512000000000E-04   6.99423409799072E+00   6.20741138975001E-02
  3.87551E-06                1.00000000000000E-05   1.69512000000000E-04   6.99422558372186E+00   6.20741138477229E-02
  3.88645E-06                1.00000000000000E-05   1.69512000000000E-04   6.99421022671492E+00   6.20741138090590E-02
  3.90834E-06                1.00000000000000E-05   1.69512000000000E-04   6.99417952645449E+00   6.20741137320603E-02
  3.95211E-06                1.00000000000000E-05   1.69512000000000E-04   6.99411817612632E+00   6.20741135781989E-02
  4.03967E-06                1.00000000000000E-05   1.69512000000000E-04   6.99399568705266E+00   6.20741132709074E-02
  4.20272E-06                1.00000000000000E-05   1.69512000000000E-04   6.99376720750989E+00   6.20741126580764E-02
  4.52044E-06                1.00000000000000E-05   1.69512000000000E-04   6.99332699853899E+00   6.20741115231201E-02
  5.11805E-06                1.00000000000000E-05   1.69512000000000E-04   6.99251172967108E+00   6.20741093372515E-02
  6.31326E-06                1.00000000000000E-05   1.69512000000000E-04   6.99095862471593E+00   6.20741053251859E-02
  8.30666E-06                1.00000000000000E-05   1.69512000000000E-04   6.98855525812607E+00   6.20740977310125E-02
  1.18261E-05                1.00000000000000E-05   1.69512000000000E-04   6.98501066544551E+00   6.20740863519168E-02
  1.67299E-05                1.00000000000000E-05   1.69512000000000E-04   6.98110824355218E+00   6.20740699575826E-02
  2.18690E-05                1.00000000000000E-05   1.69512000000000E-04   6.97792309109707E+00   6.20740533882277E-02
  2.73765E-05                1.00000000000000E-05   1.69512000000000E-04   6.97551792106245E+00   6.20740419538921E-02
  3.55277E-05                1.00000000000000E-05   1.69512000000000E-04   6.97358065272130E+00   6.20740348108293E-02
  4.81300E-05                1.00000000000000E-05   1.69512000000000E-04   6.97233740724976E+00   6.20740307269833E-02
  7.33348E-05                1.00000000000000E-05   1.69512000000000E-04   6.97259651899515E+00   6.20740332477073E-02
  1.08318E-04                1.00000000000000E-05   1.69512000000000E-04   6.97453691873509E+00   6.20740495026606E-02
  1.60493E-04                1.00000000000000E-05   1.69512000000000E-04   6.97859197563284E+00   6.20740855278540E-02
  2.64842E-04                1.00000000000000E-05   1.69512000000000E-04   6.98492756184568E+00   6.20741389256977E-02
  4.22183E-04                1.00000000000000E-05   1.69512000000000E-04   6.99363882788874E+00   6.20741998623101E-02
  6.73545E-04                1.00000000000000E-05   1.69512000000000E-04   7.00402357204515E+00   6.20741988156359E-02
  1.11538E-03                1.00000000000000E-05   1.69512000000000E-04   7.01521387512488E+00   6.20740936077960E-02
  1.86245E-03                1.00000000000000E-05   1.69512000000000E-04   7.02697559116529E+00   6.20738206642936E-02
  2.76845E-03                1.00000000000000E-05   1.69512000000000E-04   7.03775078415180E+00   6.20731041963654E-02
  3.76845E-03                1.00000000000000E-05   1.69512000000000E-04   7.04739413627913E+00   6.20720462052690E-02
  4.76845E-03                1.00000000000000E-05   1.69512000000000E-04   7.06206917731459E+00   6.20707837387651E-02
  5.76845E-03                1.00000000000000E-05   1.69512000000000E-04   7.09042252450041E+00   6.20694897800236E-02
  6.76845E-03                1.00000000000000E-05   1.69512000000000E-04   7.14380809018317E+00   6.20681852295214E-02
  7.76845E-03                1.00000000000000E-05   1.69512000000000E-04   7.23563010742632E+00   6.20668769658899E-02
  8.76845E-03                1.00000000000000E-05   1.69512000000000E-04   7.37680680563856E+00   6.20655667639039E-02
  9.76845E-03                1.00000000000000E-05   1.69512000000000E-04   7.56380736773322E+00   6.20642561487729E-02
  1.00000E-02                1.00000000000000E-05   1.69512000000000E-04   7.61927822099102E+00   6.20629479266413E-02
