# Time series at grid cell:   2  21   1
VARIABLES = "Time (yrs) " , "Tracer             ", "Ca++               ", "pH                 ", "
  1.00000E-07                1.00000000000000E-05   1.69512000000000E-04   7.00002274933642E+00   6.20732006053510E-02
  2.00000E-07                1.00000000000000E-05   1.69512000000000E-04   6.99993196392598E+00   6.20741370109701E-02
  3.00000E-07                1.00000000000000E-05   1.69512000000000E-04   6.99978016386896E+00   6.20741411468421E-02
  4.00000E-07                1.00000000000000E-05   1.69512000000000E-04   6.99962762978975E+00   6.20741404129636E-02
  5.00000E-07                1.00000000000000E-05   1.69512000000000E-04   6.99947445157592E+00   6.20741396539852E-02
  5.08160E-07                1.00000000000000E-05   1.69512000000000E-04   6.99944381457274E+00   6.20741388949776E-02
  5.08839E-07                1.00000000000000E-05   1.69512000000000E-04   6.99944128724287E+00   6.20741388329916E-02
  5.09663E-07                1.00000000000000E-05   1.69512000000000E-04   6.99944005444199E+00   6.20741388265758E-02
  5.11311E-07                1.00000000000000E-05   1.69512000000000E-04   6.99943769573200E+00   6.20741388197408E-02
  5.14608E-07                1.00000000000000E-05   1.69512000000000E-04   6.99943297753929E+00   6.20741388070548E-02
  5.21201E-07                1.00000000000000E-05   1.69512000000000E-04   6.99942353772586E+00   6.20741387819607E-02
  5.34388E-07                1.00000000000000E-05   1.69512000000000E-04   6.99940464471806E+00   6.20741387318003E-02
  5.55615E-07                1.00000000000000E-05   1.69512000000000E-04   6.99937369246295E+00   6.20741386314798E-02
  5.77890E-07                1.00000000000000E-05   1.69512000000000E-04   6.99933972109541E+00   6.20741384699594E-02
  5.93140E-07                1.00000000000000E-05   1.69512000000000E-04   6.99931492258530E+00   6.20741383004478E-02
  5.95267E-07                1.00000000000000E-05   1.69512000000000E-04   6.99930906571186E+00   6.20741381851570E-02
  5.95474E-07                1.00000000000000E-05   1.69512000000000E-04   6.99930836652313E+00   6.20741381692029E-02
  5.95676E-07                1.00000000000000E-05   1.69512000000000E-04   6.99930805573907E+00   6.20741381672242E-02
  5.96079E-07                1.00000000000000E-05   1.69512000000000E-04   6.99930747684733E+00   6.20741381653029E-02
  5.96885E-07                1.00000000000000E-05   1.69512000000000E-04   6.99930631904522E+00   6.20741381619465E-02
  5.98497E-07                1.00000000000000E-05   1.69512000000000E-04   6.99930400325025E+00   6.20741381556723E-02
  6.01722E-07                1.00000000000000E-05   1.69512000000000E-04   6.99929937089890E+00   6.20741381433610E-02
  6.07769E-07                1.00000000000000E-05   1.69512000000000E-04   6.99929064131428E+00   6.20741381188061E-02
  6.19845E-07                1.00000000000000E-05   1.69512000000000E-04   6.99927327687207E+00   6.20741380727516E-02
  6.42326E-07                1.00000000000000E-05   1.69512000000000E-04   6.99924075195039E+00   6.20741379807842E-02
  6.87289E-07                1.00000000000000E-05   1.69512000000000E-04   6.99917589243182E+00   6.20741378095001E-02
  7.72321E-07                1.00000000000000E-05   1.69512000000000E-04   6.99905228773758E+00   6.20741374667764E-02
  9.27358E-07                1.00000000000000E-05   1.69512000000000E-04   6.99882497195326E+00   6.20741368180553E-02
  1.21390E-06                1.00000000000000E-05   1.69512000000000E-04   6.99840164556905E+00   6.20741356338493E-02
  1.65161E-06                1.00000000000000E-05   1.69512000000000E-04   6.99774045194387E+00   6.20741334439268E-02
  2.31823E-06                1.00000000000000E-05   1.69512000000000E-04   6.99673107979509E+00   6.20741301099803E-02
  3.12950E-06                1.00000000000000E-05   1.69512000000000E-04   6.99548801905924E+00   6.20741250918024E-02
  3.78069E-06                1.00000000000000E-05   1.69512000000000E-04   6.99445294848091E+00   6.20741191301380E-02
  3.86311E-06                1.00000000000000E-05   1.69512000000000E-04   6.99421587323596E+00   6.20741144782156E-02
  3.87003E-06                1.00000000000000E-05   1.69512000000000E-04   6.99419045746582E+00   6.20741138975001E-02
  3.87551E-06                1.00000000000000E-05   1.69512000000000E-04   6.99418183784195E+00   6.20741138477229E-02
  3.88645E-06                1.00000000000000E-05   1.69512000000000E-04   6.99416626959566E+00   6.20741138090590E-02
  3.90834E-06                1.00000000000000E-05   1.69512000000000E-04   6.99413514474561E+00   6.20741137320603E-02
  3.95211E-06                1.00000000000000E-05   1.69512000000000E-04   6.99407293681875E+00   6.20741135781989E-02
  4.03967E-06                1.00000000000000E-05   1.69512000000000E-04   6.99394869904485E+00   6.20741132709074E-02
  4.20272E-06                1.00000000000000E-05   1.69512000000000E-04   6.99371684755065E+00   6.20741126580764E-02
  4.52044E-06                1.00000000000000E-05   1.69512000000000E-04   6.99326963873934E+00   6.20741115231201E-02
  5.11805E-06                1.00000000000000E-05   1.69512000000000E-04   6.99243972903427E+00   6.20741093372515E-02
  6.31326E-06                1.00000000000000E-05   1.69512000000000E-04   6.99085174517147E+00   6.20741053251859E-02
  8.30666E-06                1.00000000000000E-05   1.69512000000000E-04   6.98837572379539E+00   6.20740977310125E-02
  1.18261E-05                1.00000000000000E-05   1.69512000000000E-04   6.98466168755504E+00   6.20740863519168E-02
  1.67299E-05                1.00000000000000E-05   1.69512000000000E-04   6.98044985010208E+00   6.20740699575826E-02
  2.18690E-05                1.00000000000000E-05   1.69512000000000E-04   6.97686426911349E+00   6.20740533882277E-02
  2.73765E-05                1.00000000000000E-05   1.69512000000000E-04   6.97394585055865E+00   6.20740419538921E-02
  3.55277E-05                1.00000000000000E-05   1.69512000000000E-04   6.97107375109513E+00   6.20740348108293E-02
  4.81300E-05                1.00000000000000E-05   1.69512000000000E-04   6.96798612057008E+00   6.20740307269833E-02
  7.33348E-05                1.00000000000000E-05   1.69512000000000E-04   6.96307030107259E+00   6.20740332477073E-02
  1.08318E-04                1.00000000000000E-05   1.69512000000000E-04   6.95517244445008E+00   6.20740495026606E-02
  1.60493E-04                1.00000000000000E-05   1.69512000000000E-04   6.93966740859514E+00   6.20740855278540E-02
  2.64842E-04                1.00000000000000E-05   1.69512000000000E-04   6.89611671861327E+00   6.20741389256977E-02
  4.22183E-04                1.00000000000000E-05   1.69512000000000E-04   6.83502283977287E+00   6.20741998623101E-02
  6.73545E-04                1.00000000000000E-05   1.69512000000000E-04   6.76378971644257E+00   6.20741988156359E-02
  1.11538E-03                1.00000000000000E-05   1.69512000000000E-04   6.70473666498994E+00   6.20740936077960E-02
  1.86245E-03                1.00000000000000E-05   1.69512000000000E-04   6.83148087268188E+00   6.20738206642936E-02
  2.76845E-03                1.00000000000000E-05   1.69512000000000E-04   7.10100486814671E+00   6.20731041963654E-02
  3.76845E-03                1.00000000000000E-05   1.69512000000000E-04   7.29480113928673E+00   6.20720462052690E-02
  4.76845E-03                1.00000000000000E-05   1.69512000000000E-04   7.40564642688204E+00   6.20707837387651E-02
  5.76845E-03                1.00000000000000E-05   1.69512000000000E-04   7.47437162012988E+00   6.20694897800236E-02
  6.76845E-03                1.00000000000000E-05   1.69512000000000E-04   7.52335297330517E+00   6.20681852295214E-02
  7.76845E-03                1.00000000000000E-05   1.69512000000000E-04   7.56190740441380E+00   6.20668769658899E-02
  8.76845E-03                1.00000000000000E-05   1.69512000000000E-04   7.59395182782722E+00   6.20655667639039E-02
  9.76845E-03                1.00000000000000E-05   1.69512000000000E-04   7.62138427552492E+00   6.20642561487729E-02
  1.00000E-02                1.00000000000000E-05   1.69512000000000E-04   7.63437302173534E+00   6.20629479266413E-02
