 
  ************************** CrunchFlow ******************************
    
                   Authors:  C.I. STEEFEL, S. MOLINS 
                       *** Copyright Notice ***          
  ï¿½CrunchFlowï¿½, Copyright (c) 2016, The Regents of the University of Califor
 nia, through Lawrence Berkeley National Laboratory
  (subject to receipt of any required approvals from the U.S. Dept. of Energy).ï
 ¿½ All rights reserved.
 
  If you have questions about your rights to use or distribute this software, pl
 ease contact 
  Berkeley Lab Innovation & Partnerships Office atï¿½ï¿½IPO@lbl.gov.  
 
  NOTICE.ï¿½ This Software was developed under funding from the U.S. Department 
 of Energy and the U.S. Government 
  consequently retains certain rights. As such, the U.S. Government has been gra
 nted for itself and others acting 
  on its behalf a paid-up, nonexclusive, irrevocable, worldwide license in the S
 oftware to reproduce, distribute copies to the public, 
  prepare derivative works, and perform publicly and display publicly, and to pe
 rmit other to do so.
    
 
 
  Mingliang Xie Benchmark 5 on porosity and permeability change (2D)      
 
 
 
   ---> Using database: datacom_mingliangBdot.dbs                                                                           
 
 
 Number of components =                    12
 
  1 H+                
  2 CO2(aq)           
  3 Ca++              
  4 SO4--             
  5 Fe++              
  6 Al+++             
  7 K+                
  8 O2(aq)            
  9 Na+               
 10 Cl-               
 11 Tracer            
 12 H2O               
 
 Number of secondary species in input file =           39
 
  1 Fe+++             
  2 Fe(OH)2+          
  3 FeOH++            
  4 FeHSO4++          
  5 FeSO4+            
  6 Fe(OH)3(aq)       
  7 Fe(OH)4-          
  8 Fe(SO4)2-         
  9 FeCO3+            
 10 KHSO4(aq)         
 11 H2SO4(aq)         
 12 H2(aq)            
 13 FeOH+             
 14 Fe(OH)3-          
 15 FeSO4(aq)         
 16 FeHSO4+           
 17 FeHCO3+           
 18 FeCO3(aq)         
 19 Fe(OH)2(aq)       
 20 OH-               
 21 CaOH+             
 22 CaHCO3+           
 23 CaCO3(aq)         
 24 CaSO4(aq)         
 25 CaHSO4+           
 26 NaCO3-            
 27 NaHCO3(aq)        
 28 NaSO4-            
 29 KSO4-             
 30 AlOH++            
 31 Al(OH)2+          
 32 AlO2-             
 33 AlSO4+            
 34 AlHSO4++          
 35 Al(SO4)2-         
 36 HAlO2(aq)         
 37 HCO3-             
 38 CO3--             
 39 HSO4-             
 
 Number of gases in input file =                3
 
  1 CO2(g)            
  2 O2(g)             
  3 H2(g)             
 
 
 Number of kinetic minerals =            7
 
 water is present: loop =            2
 
  Using database file: datacom_mingliangBdot.dbs
 
  temperature interpolation coefficients
                  ln(T+Tk)        1         T+Tk      (T+Tk)**-1   (t+tk)**-2
 
    HOMOGENEOUS REACTIONS
 
 Species         log K         Stoichiometric Coefficients
                            H+     CO2(aq Ca++   SO4--  Fe++   Al+++  K+     O2(aq) Na+    Cl-    Tracer H2O    
 Fe+++              -8.4725E+00   1.00   0.00   0.00   0.00   1.00   0.00   0.00   0.25   0.00   0.00   0.00  -0.50
 Fe(OH)2+           -2.8025E+00  -1.00   0.00   0.00   0.00   1.00   0.00   0.00   0.25   0.00   0.00   0.00   1.50
 FeOH++             -6.2825E+00   0.00   0.00   0.00   0.00   1.00   0.00   0.00   0.25   0.00   0.00   0.00   0.50
 FeHSO4++           -1.2950E+01   2.00   0.00   0.00   1.00   1.00   0.00   0.00   0.25   0.00   0.00   0.00  -0.50
 FeSO4+             -1.2512E+01   1.00   0.00   0.00   1.00   1.00   0.00   0.00   0.25   0.00   0.00   0.00  -0.50
 Fe(OH)3(aq)         4.0875E+00  -2.00   0.00   0.00   0.00   1.00   0.00   0.00   0.25   0.00   0.00   0.00   2.50
 Fe(OH)4-            1.3128E+01  -3.00   0.00   0.00   0.00   1.00   0.00   0.00   0.25   0.00   0.00   0.00   3.50
 Fe(SO4)2-          -1.3852E+01   1.00   0.00   0.00   2.00   1.00   0.00   0.00   0.25   0.00   0.00   0.00  -0.50
 FeCO3+             -1.5115E+00  -1.00   1.00   0.00   0.00   1.00   0.00   0.00   0.25   0.00   0.00   0.00   0.50
 KHSO4(aq)          -8.1360E-01   1.00   0.00   0.00   1.00   0.00   0.00   1.00   0.00   0.00   0.00   0.00   0.00
 H2SO4(aq)           1.0209E+00   2.00   0.00   0.00   1.00   0.00   0.00   0.00   0.00   0.00   0.00   0.00   0.00
 H2(aq)              4.6107E+01   0.00   0.00   0.00   0.00   0.00   0.00   0.00  -0.50   0.00   0.00   0.00   1.00
 FeOH+               9.5000E+00  -1.00   0.00   0.00   0.00   1.00   0.00   0.00   0.00   0.00   0.00   0.00   1.00
 Fe(OH)3-            3.1000E+01  -3.00   0.00   0.00   0.00   1.00   0.00   0.00   0.00   0.00   0.00   0.00   3.00
 FeSO4(aq)          -2.2500E+00   0.00   0.00   0.00   1.00   1.00   0.00   0.00   0.00   0.00   0.00   0.00   0.00
 FeHSO4+            -3.0680E+00   1.00   0.00   0.00   1.00   1.00   0.00   0.00   0.00   0.00   0.00   0.00   0.00
 FeHCO3+             4.3510E+00  -1.00   1.00   0.00   0.00   1.00   0.00   0.00   0.00   0.00   0.00   0.00   1.00
 FeCO3(aq)           1.2301E+01  -2.00   1.00   0.00   0.00   1.00   0.00   0.00   0.00   0.00   0.00   0.00   1.00
 Fe(OH)2(aq)         2.0570E+01  -2.00   0.00   0.00   0.00   1.00   0.00   0.00   0.00   0.00   0.00   0.00   2.00
 OH-                 1.3998E+01  -1.00   0.00   0.00   0.00   0.00   0.00   0.00   0.00   0.00   0.00   0.00   1.00
 CaOH+               1.2780E+01  -1.00   0.00   1.00   0.00   0.00   0.00   0.00   0.00   0.00   0.00   0.00   1.00
 CaHCO3+             5.2410E+00  -1.00   1.00   1.00   0.00   0.00   0.00   0.00   0.00   0.00   0.00   0.00   1.00
 CaCO3(aq)           1.3461E+01  -2.00   1.00   1.00   0.00   0.00   0.00   0.00   0.00   0.00   0.00   0.00   1.00
 CaSO4(aq)          -2.3090E+00   0.00   0.00   1.00   1.00   0.00   0.00   0.00   0.00   0.00   0.00   0.00   0.00
 CaHSO4+            -3.0680E+00   1.00   0.00   1.00   1.00   0.00   0.00   0.00   0.00   0.00   0.00   0.00   0.00
 NaCO3-              1.5413E+01  -2.00   1.00   0.00   0.00   0.00   0.00   0.00   0.00   1.00   0.00   0.00   1.00
 NaHCO3(aq)          6.6010E+00  -1.00   1.00   0.00   0.00   0.00   0.00   0.00   0.00   1.00   0.00   0.00   1.00
 NaSO4-             -7.0000E-01   0.00   0.00   0.00   1.00   0.00   0.00   0.00   0.00   1.00   0.00   0.00   0.00
 KSO4-              -8.5000E-01   0.00   0.00   0.00   1.00   0.00   0.00   1.00   0.00   0.00   0.00   0.00   0.00
 AlOH++              4.9900E+00  -1.00   0.00   0.00   0.00   0.00   1.00   0.00   0.00   0.00   0.00   0.00   1.00
 Al(OH)2+            1.0594E+01  -2.00   0.00   0.00   0.00   0.00   1.00   0.00   0.00   0.00   0.00   0.00   2.00
 AlO2-               2.2700E+01  -4.00   0.00   0.00   0.00   0.00   1.00   0.00   0.00   0.00   0.00   0.00   2.00
 AlSO4+             -3.5000E+00   0.00   0.00   0.00   1.00   0.00   1.00   0.00   0.00   0.00   0.00   0.00   0.00
 AlHSO4++           -2.4480E+00   1.00   0.00   0.00   1.00   0.00   1.00   0.00   0.00   0.00   0.00   0.00   0.00
 Al(SO4)2-          -5.0000E+00   0.00   0.00   0.00   2.00   0.00   1.00   0.00   0.00   0.00   0.00   0.00   0.00
 HAlO2(aq)           1.6900E+01  -3.00   0.00   0.00   0.00   0.00   1.00   0.00   0.00   0.00   0.00   0.00   2.00
 HCO3-               6.3522E+00  -1.00   1.00   0.00   0.00   0.00   0.00   0.00   0.00   0.00   0.00   0.00   1.00
 CO3--               1.6681E+01  -2.00   1.00   0.00   0.00   0.00   0.00   0.00   0.00   0.00   0.00   0.00   1.00
 HSO4-              -1.9870E+00   1.00   0.00   0.00   1.00   0.00   0.00   0.00   0.00   0.00   0.00   0.00   0.00
 
      MINERAL REACTIONS
 
 Mineral         log K         Stoichiometric Coefficients
                            H+     CO2(aq Ca++   SO4--  Fe++   Al+++  K+     O2(aq) Na+    Cl-    Tracer H2O    
 Calcite             8.2010E+00  -2.00   1.00   1.00   0.00   0.00   0.00   0.00   0.00   0.00   0.00   0.00   1.00
 Gypsum             -4.5800E+00   0.00   0.00   1.00   1.00   0.00   0.00   0.00   0.00   0.00   0.00   0.00   2.00
 Ferrihydrite       -3.5825E+00  -2.00   0.00   0.00   0.00   1.00   0.00   0.00   0.25   0.00   0.00   0.00   2.50
 Jarosite           -3.4627E+01  -3.00   0.00   0.00   2.00   3.00   0.00   1.00   0.75   0.00   0.00   0.00   4.50
 Gibbsite            8.1100E+00  -3.00   0.00   0.00   0.00   0.00   1.00   0.00   0.00   0.00   0.00   0.00   3.00
 Siderite            6.2310E+00  -2.00   1.00   0.00   0.00   1.00   0.00   0.00   0.00   0.00   0.00   0.00   1.00
 TracerMineral      -3.0000E+00   0.00   0.00   0.00   0.00   0.00   0.00   0.00   0.00   0.00   0.00   1.00   0.00
 
     GAS REACTIONS
 
 Gases           log K         Stoichiometric Coefficients
                            H+     CO2(aq Ca++   SO4--  Fe++   Al+++  K+     O2(aq) Na+    Cl-    Tracer H2O    
 CO2(g)             -1.4790E+00   0.00   1.00   0.00   0.00   0.00   0.00   0.00   0.00   0.00   0.00   0.00   0.00
 O2(g)              -2.8980E+00   0.00   0.00   0.00   0.00   0.00   0.00   0.00   1.00   0.00   0.00   0.00   0.00
 H2(g)               4.3002E+01   0.00   0.00   0.00   0.00   0.00   0.00   0.00  -0.50   0.00   0.00   0.00   1.00
 
  ***KINETIC INPUTS***
 
   MINERAL
 
 Number of geochemical conditions specified =            2
 
   ********  SPECIATION OF GEOCHEMICAL CONDITIONS  ********
 
 
 *********************************************
  ---> GEOCHEMICAL CONDITION: mingliang_boundary
 
  Temperature (C)         =     25.000
  Porosity                =      0.250
  Liquid Saturation       =      1.000
  Liquid Density (kg/m^3) =    997.075
  Solid Density (kg/m^3)  = **********
  Solid:Solution Ratio    = **********
  Ionic Strength          =      0.276
  Solution pH             =      3.000
  Solution pe             =     18.251
  Solution Eh (volts)     =      1.080
  Total Charge            = -1.908E-01
 
 Total Aqueous Concentrations of Primary Species  
 --------------------------------------- 
 
 Species                Molality     Constraint    Constraint Phase 
 H+                  4.16008E-03     Activity                        
 CO2(aq)             1.00000E-03     Total                           
 Ca++                1.00000E-04     Total                           
 SO4--               1.00000E-01     Total                           
 Fe++                2.23000E-04     Total                           
 Al+++               1.43000E-03     Total                           
 K+                  7.67000E-05     Total                           
 O2(aq)              1.75035E-04     Gas           O2(g)             
 Na+                 1.00000E-01     Total                           
 Cl-                 1.00000E-01     Total                           
 Tracer              1.00000E-02     Total                           
 H2O                 5.55084E+01     Total                           
 
 Concentrations of Individual Species, Exchangers, and Surface Complexes 
 ----------------------------------------------------------------------- 
 
                           Log        Log                                 Activity
 Species              Molality   Activity      Molality      Activity   Coefficient    Type
  H+                    -2.895     -3.000     1.274E-03     1.000E-03     7.850E-01  Aqueous 
  CO2(aq)               -3.000     -2.973     9.993E-04     1.065E-03     1.066E+00  Aqueous 
  Ca++                  -4.351     -4.832     4.456E-05     1.473E-05     3.306E-01  Aqueous 
  SO4--                 -1.064     -1.711     8.624E-02     1.947E-02     2.257E-01  Aqueous 
  Fe++                 -10.326    -10.854     4.716E-11     1.399E-11     2.967E-01  Aqueous 
  Al+++                 -4.074     -5.020     8.440E-05     9.549E-06     1.131E-01  Aqueous 
  K+                    -4.167     -4.341     6.805E-05     4.557E-05     6.696E-01  Aqueous 
  O2(aq)                -3.923     -3.896     1.193E-04     1.271E-04     1.066E+00  Aqueous 
  Na+                   -1.040     -1.180     9.112E-02     6.608E-02     7.252E-01  Aqueous 
  Cl-                   -1.000     -1.177     1.000E-01     6.654E-02     6.654E-01  Aqueous 
  Tracer                -2.000     -1.972     1.000E-02     1.066E-02     1.066E+00  Aqueous 
  H2O                    1.744      1.742     5.551E+01     5.522E+01     9.948E-01  Aqueous 
  Fe+++                 -5.408     -6.354     3.908E-06     4.422E-07     1.131E-01  Aqueous 
  Fe(OH)2+              -5.890     -6.029     1.288E-06     9.356E-07     7.261E-01  Aqueous 
  FeOH++                -4.970     -5.547     1.071E-05     2.840E-06     2.651E-01  Aqueous 
  FeHSO4++              -6.011     -6.587     9.758E-07     2.587E-07     2.651E-01  Aqueous 
  FeSO4+                -3.881     -4.025     1.315E-04     9.438E-05     7.176E-01  Aqueous 
  Fe(OH)3(aq)           -9.949     -9.921     1.125E-10     1.199E-10     1.066E+00  Aqueous 
  Fe(OH)4-             -15.824    -15.963     1.498E-16     1.088E-16     7.261E-01  Aqueous 
  Fe(SO4)2-             -4.127     -4.396     7.460E-05     4.019E-05     5.388E-01  Aqueous 
  FeCO3+               -10.022    -10.290     9.510E-11     5.124E-11     5.388E-01  Aqueous 
  KHSO4(aq)             -8.266     -8.238     5.420E-09     5.775E-09     1.066E+00  Aqueous 
  H2SO4(aq)             -8.759     -8.732     1.741E-09     1.855E-09     1.066E+00  Aqueous 
  H2(aq)               -44.189    -44.161     6.473E-45     6.897E-45     1.066E+00  Aqueous 
  FeOH+                -17.212    -17.356     6.135E-18     4.402E-18     7.176E-01  Aqueous 
  Fe(OH)3-             -32.717    -32.861     1.920E-33     1.378E-33     7.176E-01  Aqueous 
  FeSO4(aq)            -10.342    -10.315     4.546E-11     4.844E-11     1.066E+00  Aqueous 
  FeHSO4+              -12.228    -12.497     5.912E-13     3.186E-13     5.388E-01  Aqueous 
  FeHCO3+              -14.911    -15.180     1.226E-15     6.606E-16     5.388E-01  Aqueous 
  FeCO3(aq)            -20.158    -20.130     6.956E-21     7.412E-21     1.066E+00  Aqueous 
  Fe(OH)2(aq)          -25.456    -25.429     3.498E-26     3.728E-26     1.066E+00  Aqueous 
  OH-                  -10.833    -11.000     1.469E-11     9.994E-12     6.801E-01  Aqueous 
  CaOH+                -14.482    -14.614     3.295E-15     2.432E-15     7.381E-01  Aqueous 
  CaHCO3+               -9.916    -10.048     1.214E-10     8.959E-11     7.381E-01  Aqueous 
  CaCO3(aq)            -15.295    -15.268     5.066E-16     5.398E-16     1.066E+00  Aqueous 
  CaSO4(aq)             -4.261     -4.234     5.482E-05     5.841E-05     1.066E+00  Aqueous 
  CaHSO4+               -6.206     -6.475     6.224E-07     3.353E-07     5.388E-01  Aqueous 
  NaCO3-               -13.429    -13.568     3.725E-14     2.705E-14     7.261E-01  Aqueous 
  NaHCO3(aq)            -7.783     -7.756     1.646E-08     1.754E-08     1.066E+00  Aqueous 
  NaSO4-                -2.052     -2.191     8.879E-03     6.447E-03     7.261E-01  Aqueous 
  KSO4-                 -5.063     -5.202     8.648E-06     6.280E-06     7.261E-01  Aqueous 
  AlOH++                -6.456     -7.012     3.497E-07     9.722E-08     2.780E-01  Aqueous 
  Al(OH)2+              -9.480     -9.619     3.315E-10     2.407E-10     7.261E-01  Aqueous 
  AlO2-                -15.573    -15.725     2.671E-16     1.886E-16     7.061E-01  Aqueous 
  AlSO4+                -3.080     -3.231     8.325E-04     5.879E-04     7.061E-01  Aqueous 
  AlHSO4++              -6.678     -7.283     2.098E-07     5.215E-08     2.486E-01  Aqueous 
  Al(SO4)2-             -3.290     -3.441     5.125E-04     3.619E-04     7.061E-01  Aqueous 
  HAlO2(aq)            -12.952    -12.925     1.117E-13     1.190E-13     1.066E+00  Aqueous 
  HCO3-                 -6.188     -6.327     6.484E-07     4.708E-07     7.261E-01  Aqueous 
  CO3--                -13.100    -13.656     7.942E-14     2.208E-14     2.780E-01  Aqueous 
  HSO4-                 -2.573     -2.724     2.676E-03     1.889E-03     7.061E-01  Aqueous 
 
 
  ****** Partial pressure of gases (bars) *****
 
 CO2(g)               3.20840836E-02
 O2(g)                1.00500000E-01
 H2(g)                4.88126358E-40
 
  ****** Saturation state of minerals (log[Q/K] *****
 
  Calcite                  -8.2634
  Gypsum                    1.5217
  Ferrihydrite              2.1097
  Jarosite                  8.2201
  Gibbsite                  1.0963
  Siderite                -12.3157
  TracerMineral             1.0276
 
 *********************************************
  ---> GEOCHEMICAL CONDITION: initial
 
  Temperature (C)         =     25.000
  Porosity                =      0.350
  Liquid Saturation       =      1.000
  Liquid Density (kg/m^3) =    997.075
  Solid Density (kg/m^3)  = **********
  Solid:Solution Ratio    = **********
  Ionic Strength          =      0.011
  Solution pH             =      7.000
  Solution pe             =      3.251
  Solution Eh (volts)     =      0.192
  Total Charge            = -1.642E-03
 
 Total Aqueous Concentrations of Primary Species  
 --------------------------------------- 
 
 Species                Molality     Constraint    Constraint Phase 
 H+                 -1.65208E-03     Activity                        
 CO2(aq)             1.98140E-03     Gas           CO2(g)            
 Ca++                1.69512E-04     Total                           
 SO4--               1.69512E-04     Total                           
 Fe++                1.00000E-08     Total                           
 Al+++               1.00000E-07     Total                           
 K+                  1.00000E-05     Total                           
 O2(aq)              2.32973E-11     Gas           O2(g)             
 Na+                 1.00000E-02     Total                           
 Cl-                 1.00000E-02     Total                           
 Tracer              1.00000E-05     Total                           
 H2O                 5.55084E+01     Total                           
 
 Concentrations of Individual Species, Exchangers, and Surface Complexes 
 ----------------------------------------------------------------------- 
 
                           Log        Log                                 Activity
 Species              Molality   Activity      Molality      Activity   Coefficient    Type
  H+                    -6.958     -7.000     1.101E-07     1.000E-07     9.087E-01  Aqueous 
  CO2(aq)               -3.480     -3.479     3.310E-04     3.319E-04     1.003E+00  Aqueous 
  Ca++                  -3.783     -3.962     1.648E-04     1.091E-04     6.623E-01  Aqueous 
  SO4--                 -3.790     -3.983     1.620E-04     1.040E-04     6.419E-01  Aqueous 
  Fe++                  -8.059     -8.240     8.721E-09     5.750E-09     6.593E-01  Aqueous 
  Al+++                -12.002    -12.376     9.956E-13     4.204E-13     4.223E-01  Aqueous 
  K+                    -5.000     -5.050     9.993E-06     8.918E-06     8.924E-01  Aqueous 
  O2(aq)               -47.899    -47.898     1.261E-48     1.265E-48     1.003E+00  Aqueous 
  Na+                   -2.001     -2.048     9.987E-03     8.958E-03     8.970E-01  Aqueous 
  Cl-                   -2.000     -2.050     1.000E-02     8.922E-03     8.922E-01  Aqueous 
  Tracer                -5.000     -4.999     1.000E-05     1.003E-05     1.003E+00  Aqueous 
  H2O                    1.744      1.744     5.551E+01     5.549E+01     9.996E-01  Aqueous 
  Fe+++                -18.368    -18.742     4.287E-19     1.810E-19     4.223E-01  Aqueous 
  Fe(OH)2+             -10.367    -10.413     4.300E-11     3.867E-11     8.994E-01  Aqueous 
  FeOH++               -13.746    -13.932     1.794E-14     1.168E-14     6.511E-01  Aqueous 
  FeHSO4++             -25.061    -25.247     8.691E-26     5.659E-26     6.511E-01  Aqueous 
  FeSO4+               -18.639    -18.685     2.298E-19     2.064E-19     8.983E-01  Aqueous 
  Fe(OH)3(aq)          -10.304    -10.303     4.967E-11     4.980E-11     1.003E+00  Aqueous 
  Fe(OH)4-             -12.297    -12.343     5.048E-13     4.540E-13     8.994E-01  Aqueous 
  Fe(SO4)2-            -21.274    -21.328     5.327E-22     4.696E-22     8.815E-01  Aqueous 
  FeCO3+               -15.128    -15.182     7.453E-16     6.570E-16     8.815E-01  Aqueous 
  KHSO4(aq)            -15.220    -15.219     6.021E-16     6.037E-16     1.003E+00  Aqueous 
  H2SO4(aq)            -19.005    -19.004     9.884E-20     9.910E-20     1.003E+00  Aqueous 
  H2(aq)               -22.159    -22.158     6.929E-23     6.948E-23     1.003E+00  Aqueous 
  FeOH+                -10.694    -10.741     2.023E-11     1.818E-11     8.983E-01  Aqueous 
  Fe(OH)3-             -18.194    -18.241     6.393E-19     5.743E-19     8.983E-01  Aqueous 
  FeSO4(aq)             -9.975     -9.973     1.060E-10     1.063E-10     1.003E+00  Aqueous 
  FeHSO4+              -16.101    -16.155     7.933E-17     6.992E-17     8.815E-01  Aqueous 
  FeHCO3+               -9.016     -9.071     9.644E-10     8.501E-10     8.815E-01  Aqueous 
  FeCO3(aq)            -10.022    -10.021     9.513E-11     9.539E-11     1.003E+00  Aqueous 
  Fe(OH)2(aq)          -14.812    -14.811     1.542E-15     1.546E-15     1.003E+00  Aqueous 
  OH-                   -6.949     -6.998     1.124E-07     1.004E-07     8.938E-01  Aqueous 
  CaOH+                 -9.697     -9.742     2.009E-10     1.810E-10     9.011E-01  Aqueous 
  CaHCO3+               -5.637     -5.682     2.307E-06     2.079E-06     9.011E-01  Aqueous 
  CaCO3(aq)             -6.903     -6.902     1.249E-07     1.252E-07     1.003E+00  Aqueous 
  CaSO4(aq)             -5.637     -5.636     2.305E-06     2.312E-06     1.003E+00  Aqueous 
  CaHSO4+              -11.822    -11.877     1.506E-12     1.327E-12     8.815E-01  Aqueous 
  NaCO3-                -6.894     -6.940     1.277E-07     1.148E-07     8.994E-01  Aqueous 
  NaHCO3(aq)            -5.129     -5.128     7.429E-06     7.448E-06     1.003E+00  Aqueous 
  NaSO4-                -5.285     -5.331     5.191E-06     4.669E-06     8.994E-01  Aqueous 
  KSO4-                 -8.137     -8.183     7.299E-09     6.565E-09     8.994E-01  Aqueous 
  AlOH++               -10.182    -10.366     6.572E-11     4.301E-11     6.544E-01  Aqueous 
  Al(OH)2+              -8.925     -8.971     1.190E-09     1.070E-09     8.994E-01  Aqueous 
  AlO2-                 -7.029     -7.077     9.347E-08     8.382E-08     8.968E-01  Aqueous 
  AlSO4+               -12.812    -12.859     1.542E-13     1.383E-13     8.968E-01  Aqueous 
  AlHSO4++             -20.722    -20.911     1.896E-21     1.227E-21     6.469E-01  Aqueous 
  Al(SO4)2-            -15.295    -15.342     5.070E-16     4.546E-16     8.968E-01  Aqueous 
  HAlO2(aq)             -8.278     -8.277     5.275E-09     5.289E-09     1.003E+00  Aqueous 
  HCO3-                 -2.785     -2.831     1.639E-03     1.474E-03     8.994E-01  Aqueous 
  CO3--                 -5.976     -6.160     1.057E-06     6.916E-07     6.544E-01  Aqueous 
  HSO4-                 -8.949     -8.996     1.125E-09     1.009E-09     8.968E-01  Aqueous 
 
 
  ****** Partial pressure of gases (bars) *****
 
 CO2(g)               1.00000000E-02
 O2(g)                1.00000000E-45
 H2(g)                4.91677854E-18
 
  ****** Saturation state of minerals (log[Q/K] *****
 
  Calcite                   0.1021
  Gypsum                    0.1233
  Ferrihydrite              1.7281
  Jarosite                -10.1840
  Gibbsite                  5.7462
  Siderite                 -2.2062
  TracerMineral            -1.9989
 
                SPECIATION OF  
      INITIAL AND BOUNDARY CONDITIONS 
           SUCCESSFULLY COMPLETED
 
 
   NZ =            1
 
  Cell  Distance (m)
   1    5.000E-01
 
 
 Number of heterogeneities =            1
 
 
 Parameters for this run:
 
  Maximum timestep (yrs) =    1.000E-03
  Maximum timestep (yrs) =    1.000E-07
 
 --> Porosity calculated from mineral volume fractions
 ----> Porosity is updated due to mineral dissolution and precipitation reaction
 s
 --> Extended Debye-Huckel activity model used
 --> Activity coefficients only computed
     at beginning of time step 
 
  Temperature (C) at J = 1            25.00
  Temperature gradient (C/m) =         0.00
 
 Graphics files printed at (yrs)
   1.0000E-02

 
   Reading permeabilities from file: perm5_2D.hyc
 
 
 
 
   Using constant diffusion coefficient
  Diffusion coefficient (m**2/yr) =       3.1536E-02
 
 
  Longitudinal dispersivity (m) =     0.0000E+00
  Transverse dispersivity (m) =       0.0000E+00
 
 
         INITIALIZATION COMPLETED 
          STARTING TIMESTEPPING 
 
